2022-12-27 14:34:17,705 - [INFO ] - [root] - [set_logger_name:  30] - [** LOGGER SET TO trading_session_1]
2022-12-27 14:34:37,269 - [INFO ] - [root] - [set_logger_name:  30] - [** LOGGER SET TO trading_session_1]
2022-12-27 14:34:37,307 - [INFO ] - [root] - [_run_session:  58] - [Started Backtest for strategy_1 at 2022-12-27 14:34:37.307574]
2022-12-27 14:35:04,299 - [INFO ] - [root] - [set_logger_name:  30] - [** LOGGER SET TO trading_session_1]
2022-12-27 14:35:04,320 - [INFO ] - [root] - [_run_session:  58] - [Started Backtest for strategy_1 at 2022-12-27 14:35:04.320527]
2022-12-27 14:35:06,699 - [INFO ] - [root] - [calculate_signals:  86] - [LONG  at 2020-03-11 00:00:00 with price: 1.1288 and quantity : 88]
2022-12-27 14:35:06,798 - [INFO ] - [root] - [calculate_signals:  97] - [EXIT LONG at 2020-04-08 00:00:00 with price : 1.0893 and quantity : 88.0]
2022-12-27 14:35:06,799 - [INFO ] - [root] - [calculate_signals: 101] - [SHORT at 2020-04-08 00:00:00 with price : 1.0893 and quantity : 88.0]
2022-12-27 14:35:07,005 - [INFO ] - [root] - [calculate_signals:  80] - [EXIT SHORT at 2020-06-03 00:00:00 with price : 1.117 and quantity : 88.0 ]
2022-12-27 14:35:07,005 - [INFO ] - [root] - [calculate_signals:  86] - [LONG  at 2020-06-03 00:00:00 with price: 1.117 and quantity : 84]
2022-12-27 14:35:08,707 - [INFO ] - [root] - [calculate_signals:  97] - [EXIT LONG at 2021-08-30 00:00:00 with price : 1.17965 and quantity : 84.0]
2022-12-27 14:35:08,708 - [INFO ] - [root] - [calculate_signals: 101] - [SHORT at 2021-08-30 00:00:00 with price : 1.17965 and quantity : 84.0]
2022-12-27 14:35:08,721 - [INFO ] - [root] - [calculate_signals:  80] - [EXIT SHORT at 2021-09-01 00:00:00 with price : 1.1809 and quantity : 84.0 ]
2022-12-27 14:35:08,721 - [INFO ] - [root] - [calculate_signals:  86] - [LONG  at 2021-09-01 00:00:00 with price: 1.1809 and quantity : 84]
2022-12-27 14:35:08,798 - [INFO ] - [root] - [calculate_signals:  97] - [EXIT LONG at 2021-09-21 00:00:00 with price : 1.17265 and quantity : 84.0]
2022-12-27 14:35:08,798 - [INFO ] - [root] - [calculate_signals: 101] - [SHORT at 2021-09-21 00:00:00 with price : 1.17265 and quantity : 84.0]
2022-12-27 14:35:10,747 - [INFO ] - [root] - [calculate_signals:  80] - [EXIT SHORT at 2022-12-20 00:00:00 with price : 1.0607 and quantity : 84.0 ]
2022-12-27 14:35:10,747 - [INFO ] - [root] - [calculate_signals:  86] - [LONG  at 2022-12-20 00:00:00 with price: 1.0607 and quantity : 101]
2022-12-27 14:35:10,932 - [INFO ] - [root] - [start_trading:  98] - [Total Return: 8.25%]
2022-12-27 14:35:10,932 - [INFO ] - [root] - [start_trading:  98] - [Sharpe Ratio: 0.32]
2022-12-27 14:35:10,932 - [INFO ] - [root] - [start_trading:  98] - [Max Drawdown: 9.17%]
2022-12-27 14:35:10,933 - [INFO ] - [root] - [start_trading:  98] - [Drawdown Duration: 300]
2022-12-27 14:36:47,576 - [INFO ] - [root] - [set_logger_name:  30] - [** LOGGER SET TO trading_session_1]
2022-12-27 14:36:47,592 - [INFO ] - [root] - [_run_session:  60] - [Started Backtest for strategy_1 at 2022-12-27 14:36:47.592766]
2022-12-27 14:36:50,443 - [INFO ] - [root] - [calculate_signals:  86] - [LONG  at 2020-03-11 00:00:00 with price: 1.1288 and quantity : 88]
2022-12-27 14:36:50,542 - [INFO ] - [root] - [calculate_signals:  97] - [EXIT LONG at 2020-04-08 00:00:00 with price : 1.0893 and quantity : 88.0]
2022-12-27 14:36:50,542 - [INFO ] - [root] - [calculate_signals: 101] - [SHORT at 2020-04-08 00:00:00 with price : 1.0893 and quantity : 88.0]
2022-12-27 14:36:50,767 - [INFO ] - [root] - [calculate_signals:  80] - [EXIT SHORT at 2020-06-03 00:00:00 with price : 1.117 and quantity : 88.0 ]
2022-12-27 14:36:50,773 - [INFO ] - [root] - [calculate_signals:  86] - [LONG  at 2020-06-03 00:00:00 with price: 1.117 and quantity : 84]
2022-12-27 14:36:52,594 - [INFO ] - [root] - [calculate_signals:  97] - [EXIT LONG at 2021-08-30 00:00:00 with price : 1.17965 and quantity : 84.0]
2022-12-27 14:36:52,595 - [INFO ] - [root] - [calculate_signals: 101] - [SHORT at 2021-08-30 00:00:00 with price : 1.17965 and quantity : 84.0]
2022-12-27 14:36:52,613 - [INFO ] - [root] - [calculate_signals:  80] - [EXIT SHORT at 2021-09-01 00:00:00 with price : 1.1809 and quantity : 84.0 ]
2022-12-27 14:36:52,613 - [INFO ] - [root] - [calculate_signals:  86] - [LONG  at 2021-09-01 00:00:00 with price: 1.1809 and quantity : 84]
2022-12-27 14:36:52,723 - [INFO ] - [root] - [calculate_signals:  97] - [EXIT LONG at 2021-09-21 00:00:00 with price : 1.17265 and quantity : 84.0]
2022-12-27 14:36:52,723 - [INFO ] - [root] - [calculate_signals: 101] - [SHORT at 2021-09-21 00:00:00 with price : 1.17265 and quantity : 84.0]
2022-12-27 14:36:54,792 - [INFO ] - [root] - [calculate_signals:  80] - [EXIT SHORT at 2022-12-20 00:00:00 with price : 1.0607 and quantity : 84.0 ]
2022-12-27 14:36:54,792 - [INFO ] - [root] - [calculate_signals:  86] - [LONG  at 2022-12-20 00:00:00 with price: 1.0607 and quantity : 101]
2022-12-27 14:36:54,837 - [INFO ] - [root] - [start_trading:  95] - [------------------------------TRADING SESSION COMPLETE------------------------------------]
2022-12-27 14:36:55,005 - [INFO ] - [root] - [start_trading: 100] - [Total Return: 8.25%]
2022-12-27 14:36:55,005 - [INFO ] - [root] - [start_trading: 100] - [Sharpe Ratio: 0.32]
2022-12-27 14:36:55,005 - [INFO ] - [root] - [start_trading: 100] - [Max Drawdown: 9.17%]
2022-12-27 14:36:55,005 - [INFO ] - [root] - [start_trading: 100] - [Drawdown Duration: 300]
2022-12-27 14:47:38,005 - [INFO ] - [root] - [set_logger_name:  30] - [** LOGGER SET TO trading_session_1]
2022-12-27 14:47:38,222 - [INFO ] - [root] - [_run_session:  60] - [Started Backtest for strategy_1 at 2022-12-27 14:47:38.222364]
2022-12-27 14:47:39,041 - [INFO ] - [root] - [calculate_signals:  86] - [LONG  at 2022-12-20 21:22:00-05:00 with price: 1.0624 and quantity : 94]
2022-12-27 14:47:39,123 - [INFO ] - [root] - [calculate_signals:  97] - [EXIT LONG at 2022-12-20 21:38:00-05:00 with price : 1.0617 and quantity : 94.0]
2022-12-27 14:47:39,124 - [INFO ] - [root] - [calculate_signals: 101] - [SHORT at 2022-12-20 21:38:00-05:00 with price : 1.0617 and quantity : 94.0]
2022-12-27 14:47:40,513 - [INFO ] - [root] - [calculate_signals:  80] - [EXIT SHORT at 2022-12-21 01:03:00-05:00 with price : 1.06165 and quantity : 94.0 ]
2022-12-27 14:47:40,513 - [INFO ] - [root] - [calculate_signals:  86] - [LONG  at 2022-12-21 01:03:00-05:00 with price: 1.06165 and quantity : 94]
2022-12-27 14:47:43,074 - [INFO ] - [root] - [calculate_signals:  97] - [EXIT LONG at 2022-12-21 05:01:00-05:00 with price : 1.06155 and quantity : 94.0]
2022-12-27 14:47:43,074 - [INFO ] - [root] - [calculate_signals: 101] - [SHORT at 2022-12-21 05:01:00-05:00 with price : 1.06155 and quantity : 94.0]
2022-12-27 14:47:43,322 - [INFO ] - [root] - [calculate_signals:  80] - [EXIT SHORT at 2022-12-21 05:28:00-05:00 with price : 1.0624 and quantity : 94.0 ]
2022-12-27 14:47:43,322 - [INFO ] - [root] - [calculate_signals:  86] - [LONG  at 2022-12-21 05:28:00-05:00 with price: 1.0624 and quantity : 93]
2022-12-27 14:47:43,501 - [INFO ] - [root] - [calculate_signals:  97] - [EXIT LONG at 2022-12-21 05:47:00-05:00 with price : 1.0616 and quantity : 93.0]
2022-12-27 14:47:43,501 - [INFO ] - [root] - [calculate_signals: 101] - [SHORT at 2022-12-21 05:47:00-05:00 with price : 1.0616 and quantity : 93.0]
2022-12-27 14:47:43,526 - [INFO ] - [root] - [calculate_signals:  80] - [EXIT SHORT at 2022-12-21 05:50:00-05:00 with price : 1.062 and quantity : 93.0 ]
2022-12-27 14:47:43,526 - [INFO ] - [root] - [calculate_signals:  86] - [LONG  at 2022-12-21 05:50:00-05:00 with price: 1.062 and quantity : 93]
2022-12-27 14:47:43,585 - [INFO ] - [root] - [calculate_signals:  97] - [EXIT LONG at 2022-12-21 05:56:00-05:00 with price : 1.06175 and quantity : 93.0]
2022-12-27 14:47:43,585 - [INFO ] - [root] - [calculate_signals: 101] - [SHORT at 2022-12-21 05:56:00-05:00 with price : 1.06175 and quantity : 93.0]
2022-12-27 14:47:44,528 - [INFO ] - [root] - [calculate_signals:  80] - [EXIT SHORT at 2022-12-21 07:38:00-05:00 with price : 1.06225 and quantity : 93.0 ]
2022-12-27 14:47:44,528 - [INFO ] - [root] - [calculate_signals:  86] - [LONG  at 2022-12-21 07:38:00-05:00 with price: 1.06225 and quantity : 93]
2022-12-27 14:47:45,681 - [INFO ] - [root] - [calculate_signals:  97] - [EXIT LONG at 2022-12-21 09:30:00-05:00 with price : 1.0614 and quantity : 93.0]
2022-12-27 14:47:45,681 - [INFO ] - [root] - [calculate_signals: 101] - [SHORT at 2022-12-21 09:30:00-05:00 with price : 1.0614 and quantity : 93.0]
2022-12-27 14:47:46,425 - [INFO ] - [root] - [calculate_signals:  80] - [EXIT SHORT at 2022-12-21 10:37:00-05:00 with price : 1.0622 and quantity : 93.0 ]
2022-12-27 14:47:46,426 - [INFO ] - [root] - [calculate_signals:  86] - [LONG  at 2022-12-21 10:37:00-05:00 with price: 1.0622 and quantity : 93]
2022-12-27 14:47:46,892 - [INFO ] - [root] - [calculate_signals:  97] - [EXIT LONG at 2022-12-21 11:22:00-05:00 with price : 1.06105 and quantity : 93.0]
2022-12-27 14:47:46,892 - [INFO ] - [root] - [calculate_signals: 101] - [SHORT at 2022-12-21 11:22:00-05:00 with price : 1.06105 and quantity : 93.0]
2022-12-27 14:47:48,483 - [INFO ] - [root] - [calculate_signals:  80] - [EXIT SHORT at 2022-12-21 13:51:00-05:00 with price : 1.06095 and quantity : 93.0 ]
2022-12-27 14:47:48,484 - [INFO ] - [root] - [calculate_signals:  86] - [LONG  at 2022-12-21 13:51:00-05:00 with price: 1.06095 and quantity : 93]
2022-12-27 14:47:51,319 - [INFO ] - [root] - [calculate_signals:  97] - [EXIT LONG at 2022-12-21 16:53:00-05:00 with price : 1.06065 and quantity : 93.0]
2022-12-27 14:47:51,319 - [INFO ] - [root] - [calculate_signals: 101] - [SHORT at 2022-12-21 16:53:00-05:00 with price : 1.06065 and quantity : 93.0]
2022-12-27 14:47:52,385 - [INFO ] - [root] - [calculate_signals:  80] - [EXIT SHORT at 2022-12-21 18:33:00-05:00 with price : 1.0609 and quantity : 93.0 ]
2022-12-27 14:47:52,385 - [INFO ] - [root] - [calculate_signals:  86] - [LONG  at 2022-12-21 18:33:00-05:00 with price: 1.0609 and quantity : 93]
2022-12-27 14:48:00,145 - [INFO ] - [root] - [calculate_signals:  97] - [EXIT LONG at 2022-12-22 02:45:00-05:00 with price : 1.0638 and quantity : 93.0]
2022-12-27 14:48:00,146 - [INFO ] - [root] - [calculate_signals: 101] - [SHORT at 2022-12-22 02:45:00-05:00 with price : 1.0638 and quantity : 93.0]
2022-12-27 14:48:00,318 - [INFO ] - [root] - [calculate_signals:  80] - [EXIT SHORT at 2022-12-22 02:56:00-05:00 with price : 1.06425 and quantity : 93.0 ]
2022-12-27 14:48:00,319 - [INFO ] - [root] - [calculate_signals:  86] - [LONG  at 2022-12-22 02:56:00-05:00 with price: 1.06425 and quantity : 93]
2022-12-27 14:48:01,491 - [INFO ] - [root] - [calculate_signals:  97] - [EXIT LONG at 2022-12-22 04:02:00-05:00 with price : 1.06355 and quantity : 93.0]
2022-12-27 14:48:01,491 - [INFO ] - [root] - [calculate_signals: 101] - [SHORT at 2022-12-22 04:02:00-05:00 with price : 1.06355 and quantity : 93.0]
2022-12-27 14:48:02,432 - [INFO ] - [root] - [calculate_signals:  80] - [EXIT SHORT at 2022-12-22 04:46:00-05:00 with price : 1.06425 and quantity : 93.0 ]
2022-12-27 14:48:02,432 - [INFO ] - [root] - [calculate_signals:  86] - [LONG  at 2022-12-22 04:46:00-05:00 with price: 1.06425 and quantity : 93]
2022-12-27 14:48:03,844 - [INFO ] - [root] - [calculate_signals:  97] - [EXIT LONG at 2022-12-22 06:02:00-05:00 with price : 1.06265 and quantity : 93.0]
2022-12-27 14:48:03,845 - [INFO ] - [root] - [calculate_signals: 101] - [SHORT at 2022-12-22 06:02:00-05:00 with price : 1.06265 and quantity : 93.0]
2022-12-27 14:48:05,966 - [INFO ] - [root] - [calculate_signals:  80] - [EXIT SHORT at 2022-12-22 08:00:00-05:00 with price : 1.0637 and quantity : 93.0 ]
2022-12-27 14:48:05,967 - [INFO ] - [root] - [calculate_signals:  86] - [LONG  at 2022-12-22 08:00:00-05:00 with price: 1.0637 and quantity : 93]
2022-12-27 14:48:06,670 - [INFO ] - [root] - [calculate_signals:  97] - [EXIT LONG at 2022-12-22 08:40:00-05:00 with price : 1.0609 and quantity : 93.0]
2022-12-27 14:48:06,670 - [INFO ] - [root] - [calculate_signals: 101] - [SHORT at 2022-12-22 08:40:00-05:00 with price : 1.0609 and quantity : 93.0]
2022-12-27 14:48:13,833 - [INFO ] - [root] - [calculate_signals:  80] - [EXIT SHORT at 2022-12-22 15:02:00-05:00 with price : 1.05925 and quantity : 93.0 ]
2022-12-27 14:48:13,834 - [INFO ] - [root] - [calculate_signals:  86] - [LONG  at 2022-12-22 15:02:00-05:00 with price: 1.05925 and quantity : 93]
2022-12-27 14:48:20,134 - [INFO ] - [root] - [calculate_signals:  97] - [EXIT LONG at 2022-12-22 20:03:00-05:00 with price : 1.0588 and quantity : 93.0]
2022-12-27 14:48:20,135 - [INFO ] - [root] - [calculate_signals: 101] - [SHORT at 2022-12-22 20:03:00-05:00 with price : 1.0588 and quantity : 93.0]
2022-12-27 14:48:20,895 - [INFO ] - [root] - [calculate_signals:  80] - [EXIT SHORT at 2022-12-22 20:33:00-05:00 with price : 1.05985 and quantity : 93.0 ]
2022-12-27 14:48:20,895 - [INFO ] - [root] - [calculate_signals:  86] - [LONG  at 2022-12-22 20:33:00-05:00 with price: 1.05985 and quantity : 93]
2022-12-27 14:48:31,122 - [INFO ] - [root] - [calculate_signals:  97] - [EXIT LONG at 2022-12-23 03:49:00-05:00 with price : 1.06015 and quantity : 93.0]
2022-12-27 14:48:31,122 - [INFO ] - [root] - [calculate_signals: 101] - [SHORT at 2022-12-23 03:49:00-05:00 with price : 1.06015 and quantity : 93.0]
2022-12-27 14:48:32,968 - [INFO ] - [root] - [calculate_signals:  80] - [EXIT SHORT at 2022-12-23 04:56:00-05:00 with price : 1.061 and quantity : 93.0 ]
2022-12-27 14:48:32,968 - [INFO ] - [root] - [calculate_signals:  86] - [LONG  at 2022-12-23 04:56:00-05:00 with price: 1.061 and quantity : 93]
2022-12-27 14:48:37,500 - [INFO ] - [root] - [calculate_signals:  97] - [EXIT LONG at 2022-12-23 07:47:00-05:00 with price : 1.061 and quantity : 93.0]
2022-12-27 14:48:37,501 - [INFO ] - [root] - [calculate_signals: 101] - [SHORT at 2022-12-23 07:47:00-05:00 with price : 1.061 and quantity : 93.0]
2022-12-27 14:48:37,632 - [INFO ] - [root] - [calculate_signals:  80] - [EXIT SHORT at 2022-12-23 07:51:00-05:00 with price : 1.06125 and quantity : 93.0 ]
2022-12-27 14:48:37,632 - [INFO ] - [root] - [calculate_signals:  86] - [LONG  at 2022-12-23 07:51:00-05:00 with price: 1.06125 and quantity : 93]
2022-12-27 14:48:37,655 - [INFO ] - [root] - [calculate_signals:  97] - [EXIT LONG at 2022-12-23 07:52:00-05:00 with price : 1.06105 and quantity : 93.0]
2022-12-27 14:48:37,655 - [INFO ] - [root] - [calculate_signals: 101] - [SHORT at 2022-12-23 07:52:00-05:00 with price : 1.06105 and quantity : 93.0]
2022-12-27 14:48:37,738 - [INFO ] - [root] - [calculate_signals:  80] - [EXIT SHORT at 2022-12-23 07:55:00-05:00 with price : 1.06115 and quantity : 93.0 ]
2022-12-27 14:48:37,739 - [INFO ] - [root] - [calculate_signals:  86] - [LONG  at 2022-12-23 07:55:00-05:00 with price: 1.06115 and quantity : 93]
2022-12-27 14:48:40,558 - [INFO ] - [root] - [calculate_signals:  97] - [EXIT LONG at 2022-12-23 09:38:00-05:00 with price : 1.0597 and quantity : 93.0]
2022-12-27 14:48:40,559 - [INFO ] - [root] - [calculate_signals: 101] - [SHORT at 2022-12-23 09:38:00-05:00 with price : 1.0597 and quantity : 93.0]
2022-12-27 14:48:41,196 - [INFO ] - [root] - [calculate_signals:  80] - [EXIT SHORT at 2022-12-23 10:02:00-05:00 with price : 1.0613 and quantity : 93.0 ]
2022-12-27 14:48:41,196 - [INFO ] - [root] - [calculate_signals:  86] - [LONG  at 2022-12-23 10:02:00-05:00 with price: 1.0613 and quantity : 92]
2022-12-27 14:48:47,316 - [INFO ] - [root] - [calculate_signals:  97] - [EXIT LONG at 2022-12-23 13:46:00-05:00 with price : 1.0608 and quantity : 92.0]
2022-12-27 14:48:47,317 - [INFO ] - [root] - [calculate_signals: 101] - [SHORT at 2022-12-23 13:46:00-05:00 with price : 1.0608 and quantity : 92.0]
2022-12-27 14:48:49,138 - [INFO ] - [root] - [calculate_signals:  80] - [EXIT SHORT at 2022-12-23 14:53:00-05:00 with price : 1.06195 and quantity : 92.0 ]
2022-12-27 14:48:49,139 - [INFO ] - [root] - [calculate_signals:  86] - [LONG  at 2022-12-23 14:53:00-05:00 with price: 1.06195 and quantity : 92]
2022-12-27 14:48:55,830 - [INFO ] - [root] - [calculate_signals:  97] - [EXIT LONG at 2022-12-25 20:36:00-05:00 with price : 1.0615 and quantity : 92.0]
2022-12-27 14:48:55,830 - [INFO ] - [root] - [calculate_signals: 101] - [SHORT at 2022-12-25 20:36:00-05:00 with price : 1.0615 and quantity : 92.0]
2022-12-27 14:48:56,934 - [INFO ] - [root] - [calculate_signals:  80] - [EXIT SHORT at 2022-12-25 21:15:00-05:00 with price : 1.0618 and quantity : 92.0 ]
2022-12-27 14:48:56,934 - [INFO ] - [root] - [calculate_signals:  86] - [LONG  at 2022-12-25 21:15:00-05:00 with price: 1.0618 and quantity : 92]
2022-12-27 14:49:08,014 - [INFO ] - [root] - [calculate_signals:  97] - [EXIT LONG at 2022-12-26 03:16:00-05:00 with price : 1.06235 and quantity : 92.0]
2022-12-27 14:49:08,014 - [INFO ] - [root] - [calculate_signals: 101] - [SHORT at 2022-12-26 03:16:00-05:00 with price : 1.06235 and quantity : 92.0]
2022-12-27 14:49:13,145 - [INFO ] - [root] - [calculate_signals:  80] - [EXIT SHORT at 2022-12-26 05:51:00-05:00 with price : 1.0625 and quantity : 92.0 ]
2022-12-27 14:49:13,145 - [INFO ] - [root] - [calculate_signals:  86] - [LONG  at 2022-12-26 05:51:00-05:00 with price: 1.0625 and quantity : 92]
2022-12-27 14:49:21,398 - [INFO ] - [root] - [calculate_signals:  97] - [EXIT LONG at 2022-12-26 10:04:00-05:00 with price : 1.06235 and quantity : 92.0]
2022-12-27 14:49:21,398 - [INFO ] - [root] - [calculate_signals: 101] - [SHORT at 2022-12-26 10:04:00-05:00 with price : 1.06235 and quantity : 92.0]
2022-12-27 14:49:22,896 - [INFO ] - [root] - [calculate_signals:  80] - [EXIT SHORT at 2022-12-26 10:46:00-05:00 with price : 1.0628 and quantity : 92.0 ]
2022-12-27 14:49:22,896 - [INFO ] - [root] - [calculate_signals:  86] - [LONG  at 2022-12-26 10:46:00-05:00 with price: 1.0628 and quantity : 92]
2022-12-27 14:49:48,701 - [INFO ] - [root] - [calculate_signals:  97] - [EXIT LONG at 2022-12-26 22:34:00-05:00 with price : 1.0637 and quantity : 92.0]
2022-12-27 14:49:48,701 - [INFO ] - [root] - [calculate_signals: 101] - [SHORT at 2022-12-26 22:34:00-05:00 with price : 1.0637 and quantity : 92.0]
2022-12-27 14:49:50,657 - [INFO ] - [root] - [calculate_signals:  80] - [EXIT SHORT at 2022-12-26 23:25:00-05:00 with price : 1.0643 and quantity : 92.0 ]
2022-12-27 14:49:50,657 - [INFO ] - [root] - [calculate_signals:  86] - [LONG  at 2022-12-26 23:25:00-05:00 with price: 1.0643 and quantity : 92]
2022-12-27 14:49:59,884 - [INFO ] - [root] - [calculate_signals:  97] - [EXIT LONG at 2022-12-27 03:20:00-05:00 with price : 1.06485 and quantity : 92.0]
2022-12-27 14:49:59,885 - [INFO ] - [root] - [calculate_signals: 101] - [SHORT at 2022-12-27 03:20:00-05:00 with price : 1.06485 and quantity : 92.0]
2022-12-27 14:49:59,953 - [INFO ] - [root] - [calculate_signals:  80] - [EXIT SHORT at 2022-12-27 03:22:00-05:00 with price : 1.06505 and quantity : 92.0 ]
2022-12-27 14:49:59,953 - [INFO ] - [root] - [calculate_signals:  86] - [LONG  at 2022-12-27 03:22:00-05:00 with price: 1.06505 and quantity : 92]
2022-12-27 14:50:09,101 - [INFO ] - [root] - [calculate_signals:  97] - [EXIT LONG at 2022-12-27 07:13:00-05:00 with price : 1.06505 and quantity : 92.0]
2022-12-27 14:50:09,101 - [INFO ] - [root] - [calculate_signals: 101] - [SHORT at 2022-12-27 07:13:00-05:00 with price : 1.06505 and quantity : 92.0]
2022-12-27 14:50:15,926 - [INFO ] - [root] - [start_trading:  95] - [------------------------------TRADING SESSION COMPLETE------------------------------------]
2022-12-27 14:50:16,879 - [INFO ] - [root] - [start_trading: 100] - [Total Return: -1.38%]
2022-12-27 14:50:16,879 - [INFO ] - [root] - [start_trading: 100] - [Sharpe Ratio: -0.27]
2022-12-27 14:50:16,880 - [INFO ] - [root] - [start_trading: 100] - [Max Drawdown: 1.79%]
2022-12-27 14:50:16,880 - [INFO ] - [root] - [start_trading: 100] - [Drawdown Duration: 5942]
2022-12-27 14:52:35,816 - [INFO ] - [root] - [set_logger_name:  30] - [** LOGGER SET TO trading_session_1]
2022-12-27 14:52:36,037 - [INFO ] - [root] - [_run_session:  60] - [Started Backtest for strategy_1 at 2022-12-27 14:52:36.037285]
2022-12-27 14:52:36,092 - [INFO ] - [root] - [calculate_signals:  86] - [LONG  at 2022-12-20 17:30:00-05:00 with price: 1.06255 and quantity : 94]
2022-12-27 14:52:36,812 - [INFO ] - [root] - [calculate_signals:  97] - [EXIT LONG at 2022-12-20 19:57:00-05:00 with price : 1.06185 and quantity : 94.0]
2022-12-27 14:52:36,812 - [INFO ] - [root] - [calculate_signals: 101] - [SHORT at 2022-12-20 19:57:00-05:00 with price : 1.06185 and quantity : 94.0]
2022-12-27 14:52:36,818 - [INFO ] - [root] - [calculate_signals:  80] - [EXIT SHORT at 2022-12-20 19:58:00-05:00 with price : 1.0619 and quantity : 94.0 ]
2022-12-27 14:52:36,818 - [INFO ] - [root] - [calculate_signals:  86] - [LONG  at 2022-12-20 19:58:00-05:00 with price: 1.0619 and quantity : 94]
2022-12-27 14:52:37,052 - [INFO ] - [root] - [calculate_signals:  97] - [EXIT LONG at 2022-12-20 20:43:00-05:00 with price : 1.0616 and quantity : 94.0]
2022-12-27 14:52:37,053 - [INFO ] - [root] - [calculate_signals: 101] - [SHORT at 2022-12-20 20:43:00-05:00 with price : 1.0616 and quantity : 94.0]
2022-12-27 14:52:37,078 - [INFO ] - [root] - [calculate_signals:  80] - [EXIT SHORT at 2022-12-20 20:48:00-05:00 with price : 1.0615 and quantity : 94.0 ]
2022-12-27 14:52:37,079 - [INFO ] - [root] - [calculate_signals:  86] - [LONG  at 2022-12-20 20:48:00-05:00 with price: 1.0615 and quantity : 94]
2022-12-27 14:52:37,324 - [INFO ] - [root] - [calculate_signals:  97] - [EXIT LONG at 2022-12-20 21:33:00-05:00 with price : 1.0619 and quantity : 94.0]
2022-12-27 14:52:37,325 - [INFO ] - [root] - [calculate_signals: 101] - [SHORT at 2022-12-20 21:33:00-05:00 with price : 1.0619 and quantity : 94.0]
2022-12-27 14:52:37,419 - [INFO ] - [root] - [calculate_signals:  80] - [EXIT SHORT at 2022-12-20 21:51:00-05:00 with price : 1.06155 and quantity : 94.0 ]
2022-12-27 14:52:37,420 - [INFO ] - [root] - [calculate_signals:  86] - [LONG  at 2022-12-20 21:51:00-05:00 with price: 1.06155 and quantity : 94]
2022-12-27 14:52:38,045 - [INFO ] - [root] - [calculate_signals:  97] - [EXIT LONG at 2022-12-20 23:14:00-05:00 with price : 1.06125 and quantity : 94.0]
2022-12-27 14:52:38,045 - [INFO ] - [root] - [calculate_signals: 101] - [SHORT at 2022-12-20 23:14:00-05:00 with price : 1.06125 and quantity : 94.0]
2022-12-27 14:52:38,077 - [INFO ] - [root] - [calculate_signals:  80] - [EXIT SHORT at 2022-12-20 23:19:00-05:00 with price : 1.06125 and quantity : 94.0 ]
2022-12-27 14:52:38,078 - [INFO ] - [root] - [calculate_signals:  86] - [LONG  at 2022-12-20 23:19:00-05:00 with price: 1.06125 and quantity : 94]
2022-12-27 14:52:38,126 - [INFO ] - [root] - [calculate_signals:  97] - [EXIT LONG at 2022-12-20 23:28:00-05:00 with price : 1.0611 and quantity : 94.0]
2022-12-27 14:52:38,126 - [INFO ] - [root] - [calculate_signals: 101] - [SHORT at 2022-12-20 23:28:00-05:00 with price : 1.0611 and quantity : 94.0]
2022-12-27 14:52:38,170 - [INFO ] - [root] - [calculate_signals:  80] - [EXIT SHORT at 2022-12-20 23:36:00-05:00 with price : 1.06095 and quantity : 94.0 ]
2022-12-27 14:52:38,170 - [INFO ] - [root] - [calculate_signals:  86] - [LONG  at 2022-12-20 23:36:00-05:00 with price: 1.06095 and quantity : 94]
2022-12-27 14:52:39,811 - [INFO ] - [root] - [calculate_signals:  97] - [EXIT LONG at 2022-12-21 03:32:00-05:00 with price : 1.06205 and quantity : 94.0]
2022-12-27 14:52:39,812 - [INFO ] - [root] - [calculate_signals: 101] - [SHORT at 2022-12-21 03:32:00-05:00 with price : 1.06205 and quantity : 94.0]
2022-12-27 14:52:39,825 - [INFO ] - [root] - [calculate_signals:  80] - [EXIT SHORT at 2022-12-21 03:33:00-05:00 with price : 1.06205 and quantity : 94.0 ]
2022-12-27 14:52:39,826 - [INFO ] - [root] - [calculate_signals:  86] - [LONG  at 2022-12-21 03:33:00-05:00 with price: 1.06205 and quantity : 94]
2022-12-27 14:52:40,416 - [INFO ] - [root] - [calculate_signals:  97] - [EXIT LONG at 2022-12-21 04:36:00-05:00 with price : 1.062 and quantity : 94.0]
2022-12-27 14:52:40,417 - [INFO ] - [root] - [calculate_signals: 101] - [SHORT at 2022-12-21 04:36:00-05:00 with price : 1.062 and quantity : 94.0]
2022-12-27 14:52:40,503 - [INFO ] - [root] - [calculate_signals:  80] - [EXIT SHORT at 2022-12-21 04:48:00-05:00 with price : 1.0615 and quantity : 94.0 ]
2022-12-27 14:52:40,504 - [INFO ] - [root] - [calculate_signals:  86] - [LONG  at 2022-12-21 04:48:00-05:00 with price: 1.0615 and quantity : 94]
2022-12-27 14:52:40,968 - [INFO ] - [root] - [calculate_signals:  97] - [EXIT LONG at 2022-12-21 05:42:00-05:00 with price : 1.06155 and quantity : 94.0]
2022-12-27 14:52:40,968 - [INFO ] - [root] - [calculate_signals: 101] - [SHORT at 2022-12-21 05:42:00-05:00 with price : 1.06155 and quantity : 94.0]
2022-12-27 14:52:40,977 - [INFO ] - [root] - [calculate_signals:  80] - [EXIT SHORT at 2022-12-21 05:43:00-05:00 with price : 1.0616 and quantity : 94.0 ]
2022-12-27 14:52:40,977 - [INFO ] - [root] - [calculate_signals:  86] - [LONG  at 2022-12-21 05:43:00-05:00 with price: 1.0616 and quantity : 94]
2022-12-27 14:52:41,703 - [INFO ] - [root] - [calculate_signals:  97] - [EXIT LONG at 2022-12-21 07:00:00-05:00 with price : 1.0606 and quantity : 94.0]
2022-12-27 14:52:41,703 - [INFO ] - [root] - [calculate_signals: 101] - [SHORT at 2022-12-21 07:00:00-05:00 with price : 1.0606 and quantity : 94.0]
2022-12-27 14:52:41,752 - [INFO ] - [root] - [calculate_signals:  80] - [EXIT SHORT at 2022-12-21 07:04:00-05:00 with price : 1.0609 and quantity : 94.0 ]
2022-12-27 14:52:41,753 - [INFO ] - [root] - [calculate_signals:  86] - [LONG  at 2022-12-21 07:04:00-05:00 with price: 1.0609 and quantity : 94]
2022-12-27 14:52:42,766 - [INFO ] - [root] - [calculate_signals:  97] - [EXIT LONG at 2022-12-21 08:47:00-05:00 with price : 1.0635 and quantity : 94.0]
2022-12-27 14:52:42,766 - [INFO ] - [root] - [calculate_signals: 101] - [SHORT at 2022-12-21 08:47:00-05:00 with price : 1.0635 and quantity : 94.0]
2022-12-27 14:52:42,787 - [INFO ] - [root] - [calculate_signals:  80] - [EXIT SHORT at 2022-12-21 08:49:00-05:00 with price : 1.06355 and quantity : 94.0 ]
2022-12-27 14:52:42,788 - [INFO ] - [root] - [calculate_signals:  86] - [LONG  at 2022-12-21 08:49:00-05:00 with price: 1.06355 and quantity : 94]
2022-12-27 14:52:42,799 - [INFO ] - [root] - [calculate_signals:  97] - [EXIT LONG at 2022-12-21 08:50:00-05:00 with price : 1.0635 and quantity : 94.0]
2022-12-27 14:52:42,799 - [INFO ] - [root] - [calculate_signals: 101] - [SHORT at 2022-12-21 08:50:00-05:00 with price : 1.0635 and quantity : 94.0]
2022-12-27 14:52:42,809 - [INFO ] - [root] - [calculate_signals:  80] - [EXIT SHORT at 2022-12-21 08:51:00-05:00 with price : 1.0635 and quantity : 94.0 ]
2022-12-27 14:52:42,810 - [INFO ] - [root] - [calculate_signals:  86] - [LONG  at 2022-12-21 08:51:00-05:00 with price: 1.0635 and quantity : 94]
2022-12-27 14:52:42,819 - [INFO ] - [root] - [calculate_signals:  97] - [EXIT LONG at 2022-12-21 08:52:00-05:00 with price : 1.06335 and quantity : 94.0]
2022-12-27 14:52:42,819 - [INFO ] - [root] - [calculate_signals: 101] - [SHORT at 2022-12-21 08:52:00-05:00 with price : 1.06335 and quantity : 94.0]
2022-12-27 14:52:42,833 - [INFO ] - [root] - [calculate_signals:  80] - [EXIT SHORT at 2022-12-21 08:53:00-05:00 with price : 1.0631 and quantity : 94.0 ]
2022-12-27 14:52:42,833 - [INFO ] - [root] - [calculate_signals:  86] - [LONG  at 2022-12-21 08:53:00-05:00 with price: 1.0631 and quantity : 94]
2022-12-27 14:52:42,877 - [INFO ] - [root] - [calculate_signals:  97] - [EXIT LONG at 2022-12-21 08:58:00-05:00 with price : 1.0626 and quantity : 94.0]
2022-12-27 14:52:42,877 - [INFO ] - [root] - [calculate_signals: 101] - [SHORT at 2022-12-21 08:58:00-05:00 with price : 1.0626 and quantity : 94.0]
2022-12-27 14:52:43,028 - [INFO ] - [root] - [calculate_signals:  80] - [EXIT SHORT at 2022-12-21 09:13:00-05:00 with price : 1.06175 and quantity : 94.0 ]
2022-12-27 14:52:43,028 - [INFO ] - [root] - [calculate_signals:  86] - [LONG  at 2022-12-21 09:13:00-05:00 with price: 1.06175 and quantity : 94]
2022-12-27 14:52:43,136 - [INFO ] - [root] - [calculate_signals:  97] - [EXIT LONG at 2022-12-21 09:24:00-05:00 with price : 1.0612 and quantity : 94.0]
2022-12-27 14:52:43,136 - [INFO ] - [root] - [calculate_signals: 101] - [SHORT at 2022-12-21 09:24:00-05:00 with price : 1.0612 and quantity : 94.0]
2022-12-27 14:52:43,146 - [INFO ] - [root] - [calculate_signals:  80] - [EXIT SHORT at 2022-12-21 09:25:00-05:00 with price : 1.06115 and quantity : 94.0 ]
2022-12-27 14:52:43,146 - [INFO ] - [root] - [calculate_signals:  86] - [LONG  at 2022-12-21 09:25:00-05:00 with price: 1.06115 and quantity : 94]
2022-12-27 14:52:44,176 - [INFO ] - [root] - [calculate_signals:  97] - [EXIT LONG at 2022-12-21 11:06:00-05:00 with price : 1.0609 and quantity : 94.0]
2022-12-27 14:52:44,176 - [INFO ] - [root] - [calculate_signals: 101] - [SHORT at 2022-12-21 11:06:00-05:00 with price : 1.0609 and quantity : 94.0]
2022-12-27 14:52:44,211 - [INFO ] - [root] - [calculate_signals:  80] - [EXIT SHORT at 2022-12-21 11:10:00-05:00 with price : 1.06085 and quantity : 94.0 ]
2022-12-27 14:52:44,212 - [INFO ] - [root] - [calculate_signals:  86] - [LONG  at 2022-12-21 11:10:00-05:00 with price: 1.06085 and quantity : 94]
2022-12-27 14:52:44,659 - [INFO ] - [root] - [calculate_signals:  97] - [EXIT LONG at 2022-12-21 11:52:00-05:00 with price : 1.05995 and quantity : 94.0]
2022-12-27 14:52:44,659 - [INFO ] - [root] - [calculate_signals: 101] - [SHORT at 2022-12-21 11:52:00-05:00 with price : 1.05995 and quantity : 94.0]
2022-12-27 14:52:44,737 - [INFO ] - [root] - [calculate_signals:  80] - [EXIT SHORT at 2022-12-21 12:00:00-05:00 with price : 1.0598 and quantity : 94.0 ]
2022-12-27 14:52:44,737 - [INFO ] - [root] - [calculate_signals:  86] - [LONG  at 2022-12-21 12:00:00-05:00 with price: 1.0598 and quantity : 94]
2022-12-27 14:52:44,887 - [INFO ] - [root] - [calculate_signals:  97] - [EXIT LONG at 2022-12-21 12:14:00-05:00 with price : 1.05925 and quantity : 94.0]
2022-12-27 14:52:44,887 - [INFO ] - [root] - [calculate_signals: 101] - [SHORT at 2022-12-21 12:14:00-05:00 with price : 1.05925 and quantity : 94.0]
2022-12-27 14:52:44,962 - [INFO ] - [root] - [calculate_signals:  80] - [EXIT SHORT at 2022-12-21 12:19:00-05:00 with price : 1.05925 and quantity : 94.0 ]
2022-12-27 14:52:44,962 - [INFO ] - [root] - [calculate_signals:  86] - [LONG  at 2022-12-21 12:19:00-05:00 with price: 1.05925 and quantity : 94]
2022-12-27 14:52:45,527 - [INFO ] - [root] - [calculate_signals:  97] - [EXIT LONG at 2022-12-21 13:13:00-05:00 with price : 1.0596 and quantity : 94.0]
2022-12-27 14:52:45,528 - [INFO ] - [root] - [calculate_signals: 101] - [SHORT at 2022-12-21 13:13:00-05:00 with price : 1.0596 and quantity : 94.0]
2022-12-27 14:52:45,548 - [INFO ] - [root] - [calculate_signals:  80] - [EXIT SHORT at 2022-12-21 13:15:00-05:00 with price : 1.05965 and quantity : 94.0 ]
2022-12-27 14:52:45,548 - [INFO ] - [root] - [calculate_signals:  86] - [LONG  at 2022-12-21 13:15:00-05:00 with price: 1.05965 and quantity : 94]
2022-12-27 14:52:45,613 - [INFO ] - [root] - [calculate_signals:  97] - [EXIT LONG at 2022-12-21 13:22:00-05:00 with price : 1.05945 and quantity : 94.0]
2022-12-27 14:52:45,613 - [INFO ] - [root] - [calculate_signals: 101] - [SHORT at 2022-12-21 13:22:00-05:00 with price : 1.05945 and quantity : 94.0]
2022-12-27 14:52:45,637 - [INFO ] - [root] - [calculate_signals:  80] - [EXIT SHORT at 2022-12-21 13:23:00-05:00 with price : 1.05945 and quantity : 94.0 ]
2022-12-27 14:52:45,637 - [INFO ] - [root] - [calculate_signals:  86] - [LONG  at 2022-12-21 13:23:00-05:00 with price: 1.05945 and quantity : 94]
2022-12-27 14:52:46,634 - [INFO ] - [root] - [calculate_signals:  97] - [EXIT LONG at 2022-12-21 14:49:00-05:00 with price : 1.06115 and quantity : 94.0]
2022-12-27 14:52:46,634 - [INFO ] - [root] - [calculate_signals: 101] - [SHORT at 2022-12-21 14:49:00-05:00 with price : 1.06115 and quantity : 94.0]
2022-12-27 14:52:46,796 - [INFO ] - [root] - [calculate_signals:  80] - [EXIT SHORT at 2022-12-21 14:56:00-05:00 with price : 1.0611 and quantity : 94.0 ]
2022-12-27 14:52:46,796 - [INFO ] - [root] - [calculate_signals:  86] - [LONG  at 2022-12-21 14:56:00-05:00 with price: 1.0611 and quantity : 94]
2022-12-27 14:52:48,008 - [INFO ] - [root] - [calculate_signals:  97] - [EXIT LONG at 2022-12-21 16:35:00-05:00 with price : 1.06095 and quantity : 94.0]
2022-12-27 14:52:48,008 - [INFO ] - [root] - [calculate_signals: 101] - [SHORT at 2022-12-21 16:35:00-05:00 with price : 1.06095 and quantity : 94.0]
2022-12-27 14:52:48,027 - [INFO ] - [root] - [calculate_signals:  80] - [EXIT SHORT at 2022-12-21 16:36:00-05:00 with price : 1.06095 and quantity : 94.0 ]
2022-12-27 14:52:48,027 - [INFO ] - [root] - [calculate_signals:  86] - [LONG  at 2022-12-21 16:36:00-05:00 with price: 1.06095 and quantity : 94]
2022-12-27 14:52:48,151 - [INFO ] - [root] - [calculate_signals:  97] - [EXIT LONG at 2022-12-21 16:46:00-05:00 with price : 1.0606 and quantity : 94.0]
2022-12-27 14:52:48,152 - [INFO ] - [root] - [calculate_signals: 101] - [SHORT at 2022-12-21 16:46:00-05:00 with price : 1.0606 and quantity : 94.0]
2022-12-27 14:52:48,269 - [INFO ] - [root] - [calculate_signals:  80] - [EXIT SHORT at 2022-12-21 16:55:00-05:00 with price : 1.0606 and quantity : 94.0 ]
2022-12-27 14:52:48,269 - [INFO ] - [root] - [calculate_signals:  86] - [LONG  at 2022-12-21 16:55:00-05:00 with price: 1.0606 and quantity : 94]
2022-12-27 14:52:48,320 - [INFO ] - [root] - [calculate_signals:  97] - [EXIT LONG at 2022-12-21 16:59:00-05:00 with price : 1.06045 and quantity : 94.0]
2022-12-27 14:52:48,321 - [INFO ] - [root] - [calculate_signals: 101] - [SHORT at 2022-12-21 16:59:00-05:00 with price : 1.06045 and quantity : 94.0]
2022-12-27 14:52:48,335 - [INFO ] - [root] - [calculate_signals:  80] - [EXIT SHORT at 2022-12-21 17:15:00-05:00 with price : 1.06085 and quantity : 94.0 ]
2022-12-27 14:52:48,335 - [INFO ] - [root] - [calculate_signals:  86] - [LONG  at 2022-12-21 17:15:00-05:00 with price: 1.06085 and quantity : 94]
2022-12-27 14:52:49,634 - [INFO ] - [root] - [calculate_signals:  97] - [EXIT LONG at 2022-12-21 18:54:00-05:00 with price : 1.0607 and quantity : 94.0]
2022-12-27 14:52:49,635 - [INFO ] - [root] - [calculate_signals: 101] - [SHORT at 2022-12-21 18:54:00-05:00 with price : 1.0607 and quantity : 94.0]
2022-12-27 14:52:49,670 - [INFO ] - [root] - [calculate_signals:  80] - [EXIT SHORT at 2022-12-21 18:56:00-05:00 with price : 1.06075 and quantity : 94.0 ]
2022-12-27 14:52:49,672 - [INFO ] - [root] - [calculate_signals:  86] - [LONG  at 2022-12-21 18:56:00-05:00 with price: 1.06075 and quantity : 94]
2022-12-27 14:52:49,691 - [INFO ] - [root] - [calculate_signals:  97] - [EXIT LONG at 2022-12-21 18:57:00-05:00 with price : 1.0608 and quantity : 94.0]
2022-12-27 14:52:49,691 - [INFO ] - [root] - [calculate_signals: 101] - [SHORT at 2022-12-21 18:57:00-05:00 with price : 1.0608 and quantity : 94.0]
2022-12-27 14:52:49,711 - [INFO ] - [root] - [calculate_signals:  80] - [EXIT SHORT at 2022-12-21 18:58:00-05:00 with price : 1.0608 and quantity : 94.0 ]
2022-12-27 14:52:49,711 - [INFO ] - [root] - [calculate_signals:  86] - [LONG  at 2022-12-21 18:58:00-05:00 with price: 1.0608 and quantity : 94]
2022-12-27 14:52:53,344 - [INFO ] - [root] - [calculate_signals:  97] - [EXIT LONG at 2022-12-21 23:28:00-05:00 with price : 1.06395 and quantity : 94.0]
2022-12-27 14:52:53,344 - [INFO ] - [root] - [calculate_signals: 101] - [SHORT at 2022-12-21 23:28:00-05:00 with price : 1.06395 and quantity : 94.0]
2022-12-27 14:52:53,556 - [INFO ] - [root] - [calculate_signals:  80] - [EXIT SHORT at 2022-12-21 23:42:00-05:00 with price : 1.0637 and quantity : 94.0 ]
2022-12-27 14:52:53,556 - [INFO ] - [root] - [calculate_signals:  86] - [LONG  at 2022-12-21 23:42:00-05:00 with price: 1.0637 and quantity : 94]
2022-12-27 14:52:54,733 - [INFO ] - [root] - [calculate_signals:  97] - [EXIT LONG at 2022-12-22 00:57:00-05:00 with price : 1.06415 and quantity : 94.0]
2022-12-27 14:52:54,733 - [INFO ] - [root] - [calculate_signals: 101] - [SHORT at 2022-12-22 00:57:00-05:00 with price : 1.06415 and quantity : 94.0]
2022-12-27 14:52:54,798 - [INFO ] - [root] - [calculate_signals:  80] - [EXIT SHORT at 2022-12-22 01:02:00-05:00 with price : 1.0641 and quantity : 94.0 ]
2022-12-27 14:52:54,798 - [INFO ] - [root] - [calculate_signals:  86] - [LONG  at 2022-12-22 01:02:00-05:00 with price: 1.0641 and quantity : 94]
2022-12-27 14:52:55,731 - [INFO ] - [root] - [calculate_signals:  97] - [EXIT LONG at 2022-12-22 01:57:00-05:00 with price : 1.0643 and quantity : 94.0]
2022-12-27 14:52:55,731 - [INFO ] - [root] - [calculate_signals: 101] - [SHORT at 2022-12-22 01:57:00-05:00 with price : 1.0643 and quantity : 94.0]
2022-12-27 14:52:55,774 - [INFO ] - [root] - [calculate_signals:  80] - [EXIT SHORT at 2022-12-22 02:00:00-05:00 with price : 1.06445 and quantity : 94.0 ]
2022-12-27 14:52:55,774 - [INFO ] - [root] - [calculate_signals:  86] - [LONG  at 2022-12-22 02:00:00-05:00 with price: 1.06445 and quantity : 94]
2022-12-27 14:52:56,027 - [INFO ] - [root] - [calculate_signals:  97] - [EXIT LONG at 2022-12-22 02:16:00-05:00 with price : 1.064 and quantity : 94.0]
2022-12-27 14:52:56,027 - [INFO ] - [root] - [calculate_signals: 101] - [SHORT at 2022-12-22 02:16:00-05:00 with price : 1.064 and quantity : 94.0]
2022-12-27 14:52:56,067 - [INFO ] - [root] - [calculate_signals:  80] - [EXIT SHORT at 2022-12-22 02:19:00-05:00 with price : 1.0641 and quantity : 94.0 ]
2022-12-27 14:52:56,067 - [INFO ] - [root] - [calculate_signals:  86] - [LONG  at 2022-12-22 02:19:00-05:00 with price: 1.0641 and quantity : 94]
2022-12-27 14:52:56,119 - [INFO ] - [root] - [calculate_signals:  97] - [EXIT LONG at 2022-12-22 02:23:00-05:00 with price : 1.0638 and quantity : 94.0]
2022-12-27 14:52:56,119 - [INFO ] - [root] - [calculate_signals: 101] - [SHORT at 2022-12-22 02:23:00-05:00 with price : 1.0638 and quantity : 94.0]
2022-12-27 14:52:56,133 - [INFO ] - [root] - [calculate_signals:  80] - [EXIT SHORT at 2022-12-22 02:24:00-05:00 with price : 1.06375 and quantity : 94.0 ]
2022-12-27 14:52:56,133 - [INFO ] - [root] - [calculate_signals:  86] - [LONG  at 2022-12-22 02:24:00-05:00 with price: 1.06375 and quantity : 94]
2022-12-27 14:52:57,254 - [INFO ] - [root] - [calculate_signals:  97] - [EXIT LONG at 2022-12-22 03:39:00-05:00 with price : 1.06405 and quantity : 94.0]
2022-12-27 14:52:57,255 - [INFO ] - [root] - [calculate_signals: 101] - [SHORT at 2022-12-22 03:39:00-05:00 with price : 1.06405 and quantity : 94.0]
2022-12-27 14:52:57,578 - [INFO ] - [root] - [calculate_signals:  80] - [EXIT SHORT at 2022-12-22 03:50:00-05:00 with price : 1.06335 and quantity : 94.0 ]
2022-12-27 14:52:57,578 - [INFO ] - [root] - [calculate_signals:  86] - [LONG  at 2022-12-22 03:50:00-05:00 with price: 1.06335 and quantity : 94]
2022-12-27 14:52:58,922 - [INFO ] - [root] - [calculate_signals:  97] - [EXIT LONG at 2022-12-22 05:16:00-05:00 with price : 1.06425 and quantity : 94.0]
2022-12-27 14:52:58,922 - [INFO ] - [root] - [calculate_signals: 101] - [SHORT at 2022-12-22 05:16:00-05:00 with price : 1.06425 and quantity : 94.0]
2022-12-27 14:52:58,951 - [INFO ] - [root] - [calculate_signals:  80] - [EXIT SHORT at 2022-12-22 05:18:00-05:00 with price : 1.0643 and quantity : 94.0 ]
2022-12-27 14:52:58,951 - [INFO ] - [root] - [calculate_signals:  86] - [LONG  at 2022-12-22 05:18:00-05:00 with price: 1.0643 and quantity : 94]
2022-12-27 14:52:59,479 - [INFO ] - [root] - [calculate_signals:  97] - [EXIT LONG at 2022-12-22 05:47:00-05:00 with price : 1.06375 and quantity : 94.0]
2022-12-27 14:52:59,479 - [INFO ] - [root] - [calculate_signals: 101] - [SHORT at 2022-12-22 05:47:00-05:00 with price : 1.06375 and quantity : 94.0]
2022-12-27 14:52:59,710 - [INFO ] - [root] - [calculate_signals:  80] - [EXIT SHORT at 2022-12-22 06:03:00-05:00 with price : 1.0629 and quantity : 94.0 ]
2022-12-27 14:52:59,710 - [INFO ] - [root] - [calculate_signals:  86] - [LONG  at 2022-12-22 06:03:00-05:00 with price: 1.0629 and quantity : 94]
2022-12-27 14:52:59,729 - [INFO ] - [root] - [calculate_signals:  97] - [EXIT LONG at 2022-12-22 06:04:00-05:00 with price : 1.06275 and quantity : 94.0]
2022-12-27 14:52:59,729 - [INFO ] - [root] - [calculate_signals: 101] - [SHORT at 2022-12-22 06:04:00-05:00 with price : 1.06275 and quantity : 94.0]
2022-12-27 14:52:59,770 - [INFO ] - [root] - [calculate_signals:  80] - [EXIT SHORT at 2022-12-22 06:06:00-05:00 with price : 1.0627 and quantity : 94.0 ]
2022-12-27 14:52:59,770 - [INFO ] - [root] - [calculate_signals:  86] - [LONG  at 2022-12-22 06:06:00-05:00 with price: 1.0627 and quantity : 94]
2022-12-27 14:53:00,120 - [INFO ] - [root] - [calculate_signals:  97] - [EXIT LONG at 2022-12-22 06:21:00-05:00 with price : 1.0623 and quantity : 94.0]
2022-12-27 14:53:00,122 - [INFO ] - [root] - [calculate_signals: 101] - [SHORT at 2022-12-22 06:21:00-05:00 with price : 1.0623 and quantity : 94.0]
2022-12-27 14:53:00,157 - [INFO ] - [root] - [calculate_signals:  80] - [EXIT SHORT at 2022-12-22 06:23:00-05:00 with price : 1.0623 and quantity : 94.0 ]
2022-12-27 14:53:00,158 - [INFO ] - [root] - [calculate_signals:  86] - [LONG  at 2022-12-22 06:23:00-05:00 with price: 1.0623 and quantity : 94]
2022-12-27 14:53:00,593 - [INFO ] - [root] - [calculate_signals:  97] - [EXIT LONG at 2022-12-22 06:47:00-05:00 with price : 1.06175 and quantity : 94.0]
2022-12-27 14:53:00,594 - [INFO ] - [root] - [calculate_signals: 101] - [SHORT at 2022-12-22 06:47:00-05:00 with price : 1.06175 and quantity : 94.0]
2022-12-27 14:53:00,611 - [INFO ] - [root] - [calculate_signals:  80] - [EXIT SHORT at 2022-12-22 06:48:00-05:00 with price : 1.06185 and quantity : 94.0 ]
2022-12-27 14:53:00,611 - [INFO ] - [root] - [calculate_signals:  86] - [LONG  at 2022-12-22 06:48:00-05:00 with price: 1.06185 and quantity : 94]
2022-12-27 14:53:00,761 - [INFO ] - [root] - [calculate_signals:  97] - [EXIT LONG at 2022-12-22 06:56:00-05:00 with price : 1.06165 and quantity : 94.0]
2022-12-27 14:53:00,761 - [INFO ] - [root] - [calculate_signals: 101] - [SHORT at 2022-12-22 06:56:00-05:00 with price : 1.06165 and quantity : 94.0]
2022-12-27 14:53:00,809 - [INFO ] - [root] - [calculate_signals:  80] - [EXIT SHORT at 2022-12-22 06:59:00-05:00 with price : 1.06165 and quantity : 94.0 ]
2022-12-27 14:53:00,810 - [INFO ] - [root] - [calculate_signals:  86] - [LONG  at 2022-12-22 06:59:00-05:00 with price: 1.06165 and quantity : 94]
2022-12-27 14:53:00,830 - [INFO ] - [root] - [calculate_signals:  97] - [EXIT LONG at 2022-12-22 07:00:00-05:00 with price : 1.06155 and quantity : 94.0]
2022-12-27 14:53:00,830 - [INFO ] - [root] - [calculate_signals: 101] - [SHORT at 2022-12-22 07:00:00-05:00 with price : 1.06155 and quantity : 94.0]
2022-12-27 14:53:00,851 - [INFO ] - [root] - [calculate_signals:  80] - [EXIT SHORT at 2022-12-22 07:01:00-05:00 with price : 1.0616 and quantity : 94.0 ]
2022-12-27 14:53:00,852 - [INFO ] - [root] - [calculate_signals:  86] - [LONG  at 2022-12-22 07:01:00-05:00 with price: 1.0616 and quantity : 94]
2022-12-27 14:53:02,453 - [INFO ] - [root] - [calculate_signals:  97] - [EXIT LONG at 2022-12-22 08:32:00-05:00 with price : 1.062 and quantity : 94.0]
2022-12-27 14:53:02,453 - [INFO ] - [root] - [calculate_signals: 101] - [SHORT at 2022-12-22 08:32:00-05:00 with price : 1.062 and quantity : 94.0]
2022-12-27 14:53:02,648 - [INFO ] - [root] - [calculate_signals:  80] - [EXIT SHORT at 2022-12-22 08:43:00-05:00 with price : 1.06115 and quantity : 94.0 ]
2022-12-27 14:53:02,648 - [INFO ] - [root] - [calculate_signals:  86] - [LONG  at 2022-12-22 08:43:00-05:00 with price: 1.06115 and quantity : 94]
2022-12-27 14:53:03,438 - [INFO ] - [root] - [calculate_signals:  97] - [EXIT LONG at 2022-12-22 09:27:00-05:00 with price : 1.06045 and quantity : 94.0]
2022-12-27 14:53:03,438 - [INFO ] - [root] - [calculate_signals: 101] - [SHORT at 2022-12-22 09:27:00-05:00 with price : 1.06045 and quantity : 94.0]
2022-12-27 14:53:03,630 - [INFO ] - [root] - [calculate_signals:  80] - [EXIT SHORT at 2022-12-22 09:37:00-05:00 with price : 1.05965 and quantity : 94.0 ]
2022-12-27 14:53:03,630 - [INFO ] - [root] - [calculate_signals:  86] - [LONG  at 2022-12-22 09:37:00-05:00 with price: 1.05965 and quantity : 94]
2022-12-27 14:53:04,398 - [INFO ] - [root] - [calculate_signals:  97] - [EXIT LONG at 2022-12-22 10:24:00-05:00 with price : 1.0593 and quantity : 94.0]
2022-12-27 14:53:04,398 - [INFO ] - [root] - [calculate_signals: 101] - [SHORT at 2022-12-22 10:24:00-05:00 with price : 1.0593 and quantity : 94.0]
2022-12-27 14:53:04,415 - [INFO ] - [root] - [calculate_signals:  80] - [EXIT SHORT at 2022-12-22 10:25:00-05:00 with price : 1.0592 and quantity : 94.0 ]
2022-12-27 14:53:04,416 - [INFO ] - [root] - [calculate_signals:  86] - [LONG  at 2022-12-22 10:25:00-05:00 with price: 1.0592 and quantity : 94]
2022-12-27 14:53:04,447 - [INFO ] - [root] - [calculate_signals:  97] - [EXIT LONG at 2022-12-22 10:27:00-05:00 with price : 1.05925 and quantity : 94.0]
2022-12-27 14:53:04,447 - [INFO ] - [root] - [calculate_signals: 101] - [SHORT at 2022-12-22 10:27:00-05:00 with price : 1.05925 and quantity : 94.0]
2022-12-27 14:53:04,464 - [INFO ] - [root] - [calculate_signals:  80] - [EXIT SHORT at 2022-12-22 10:28:00-05:00 with price : 1.0594 and quantity : 94.0 ]
2022-12-27 14:53:04,464 - [INFO ] - [root] - [calculate_signals:  86] - [LONG  at 2022-12-22 10:28:00-05:00 with price: 1.0594 and quantity : 94]
2022-12-27 14:53:05,798 - [INFO ] - [root] - [calculate_signals:  97] - [EXIT LONG at 2022-12-22 11:37:00-05:00 with price : 1.059 and quantity : 94.0]
2022-12-27 14:53:05,799 - [INFO ] - [root] - [calculate_signals: 101] - [SHORT at 2022-12-22 11:37:00-05:00 with price : 1.059 and quantity : 94.0]
2022-12-27 14:53:05,937 - [INFO ] - [root] - [calculate_signals:  80] - [EXIT SHORT at 2022-12-22 11:44:00-05:00 with price : 1.05895 and quantity : 94.0 ]
2022-12-27 14:53:05,937 - [INFO ] - [root] - [calculate_signals:  86] - [LONG  at 2022-12-22 11:44:00-05:00 with price: 1.05895 and quantity : 94]
2022-12-27 14:53:06,059 - [INFO ] - [root] - [calculate_signals:  97] - [EXIT LONG at 2022-12-22 11:51:00-05:00 with price : 1.0586 and quantity : 94.0]
2022-12-27 14:53:06,059 - [INFO ] - [root] - [calculate_signals: 101] - [SHORT at 2022-12-22 11:51:00-05:00 with price : 1.0586 and quantity : 94.0]
2022-12-27 14:53:06,111 - [INFO ] - [root] - [calculate_signals:  80] - [EXIT SHORT at 2022-12-22 11:54:00-05:00 with price : 1.05835 and quantity : 94.0 ]
2022-12-27 14:53:06,111 - [INFO ] - [root] - [calculate_signals:  86] - [LONG  at 2022-12-22 11:54:00-05:00 with price: 1.05835 and quantity : 94]
2022-12-27 14:53:08,114 - [INFO ] - [root] - [calculate_signals:  97] - [EXIT LONG at 2022-12-22 13:30:00-05:00 with price : 1.05795 and quantity : 94.0]
2022-12-27 14:53:08,114 - [INFO ] - [root] - [calculate_signals: 101] - [SHORT at 2022-12-22 13:30:00-05:00 with price : 1.05795 and quantity : 94.0]
2022-12-27 14:53:08,318 - [INFO ] - [root] - [calculate_signals:  80] - [EXIT SHORT at 2022-12-22 13:39:00-05:00 with price : 1.05795 and quantity : 94.0 ]
2022-12-27 14:53:08,318 - [INFO ] - [root] - [calculate_signals:  86] - [LONG  at 2022-12-22 13:39:00-05:00 with price: 1.05795 and quantity : 94]
2022-12-27 14:53:09,340 - [INFO ] - [root] - [calculate_signals:  97] - [EXIT LONG at 2022-12-22 14:29:00-05:00 with price : 1.0576 and quantity : 94.0]
2022-12-27 14:53:09,340 - [INFO ] - [root] - [calculate_signals: 101] - [SHORT at 2022-12-22 14:29:00-05:00 with price : 1.0576 and quantity : 94.0]
2022-12-27 14:53:09,367 - [INFO ] - [root] - [calculate_signals:  80] - [EXIT SHORT at 2022-12-22 14:30:00-05:00 with price : 1.05755 and quantity : 94.0 ]
2022-12-27 14:53:09,367 - [INFO ] - [root] - [calculate_signals:  86] - [LONG  at 2022-12-22 14:30:00-05:00 with price: 1.05755 and quantity : 95]
2022-12-27 14:53:11,397 - [INFO ] - [root] - [calculate_signals:  97] - [EXIT LONG at 2022-12-22 16:07:00-05:00 with price : 1.05945 and quantity : 95.0]
2022-12-27 14:53:11,397 - [INFO ] - [root] - [calculate_signals: 101] - [SHORT at 2022-12-22 16:07:00-05:00 with price : 1.05945 and quantity : 95.0]
2022-12-27 14:53:11,491 - [INFO ] - [root] - [calculate_signals:  80] - [EXIT SHORT at 2022-12-22 16:10:00-05:00 with price : 1.0595 and quantity : 95.0 ]
2022-12-27 14:53:11,492 - [INFO ] - [root] - [calculate_signals:  86] - [LONG  at 2022-12-22 16:10:00-05:00 with price: 1.0595 and quantity : 94]
2022-12-27 14:53:11,566 - [INFO ] - [root] - [calculate_signals:  97] - [EXIT LONG at 2022-12-22 16:13:00-05:00 with price : 1.0594 and quantity : 94.0]
2022-12-27 14:53:11,566 - [INFO ] - [root] - [calculate_signals: 101] - [SHORT at 2022-12-22 16:13:00-05:00 with price : 1.0594 and quantity : 94.0]
2022-12-27 14:53:11,619 - [INFO ] - [root] - [calculate_signals:  80] - [EXIT SHORT at 2022-12-22 16:16:00-05:00 with price : 1.0593 and quantity : 94.0 ]
2022-12-27 14:53:11,620 - [INFO ] - [root] - [calculate_signals:  86] - [LONG  at 2022-12-22 16:16:00-05:00 with price: 1.0593 and quantity : 95]
2022-12-27 14:53:11,662 - [INFO ] - [root] - [calculate_signals:  97] - [EXIT LONG at 2022-12-22 16:18:00-05:00 with price : 1.0593 and quantity : 95.0]
2022-12-27 14:53:11,663 - [INFO ] - [root] - [calculate_signals: 101] - [SHORT at 2022-12-22 16:18:00-05:00 with price : 1.0593 and quantity : 95.0]
2022-12-27 14:53:11,701 - [INFO ] - [root] - [calculate_signals:  80] - [EXIT SHORT at 2022-12-22 16:20:00-05:00 with price : 1.0593 and quantity : 95.0 ]
2022-12-27 14:53:11,701 - [INFO ] - [root] - [calculate_signals:  86] - [LONG  at 2022-12-22 16:20:00-05:00 with price: 1.0593 and quantity : 95]
2022-12-27 14:53:15,820 - [INFO ] - [root] - [calculate_signals:  97] - [EXIT LONG at 2022-12-22 19:30:00-05:00 with price : 1.0599 and quantity : 95.0]
2022-12-27 14:53:15,820 - [INFO ] - [root] - [calculate_signals: 101] - [SHORT at 2022-12-22 19:30:00-05:00 with price : 1.0599 and quantity : 95.0]
2022-12-27 14:53:15,922 - [INFO ] - [root] - [calculate_signals:  80] - [EXIT SHORT at 2022-12-22 19:34:00-05:00 with price : 1.05995 and quantity : 95.0 ]
2022-12-27 14:53:15,922 - [INFO ] - [root] - [calculate_signals:  86] - [LONG  at 2022-12-22 19:34:00-05:00 with price: 1.05995 and quantity : 95]
2022-12-27 14:53:16,282 - [INFO ] - [root] - [calculate_signals:  97] - [EXIT LONG at 2022-12-22 19:50:00-05:00 with price : 1.05955 and quantity : 95.0]
2022-12-27 14:53:16,282 - [INFO ] - [root] - [calculate_signals: 101] - [SHORT at 2022-12-22 19:50:00-05:00 with price : 1.05955 and quantity : 95.0]
2022-12-27 14:53:16,397 - [INFO ] - [root] - [calculate_signals:  80] - [EXIT SHORT at 2022-12-22 19:55:00-05:00 with price : 1.0596 and quantity : 95.0 ]
2022-12-27 14:53:16,398 - [INFO ] - [root] - [calculate_signals:  86] - [LONG  at 2022-12-22 19:55:00-05:00 with price: 1.0596 and quantity : 94]
2022-12-27 14:53:16,421 - [INFO ] - [root] - [calculate_signals:  97] - [EXIT LONG at 2022-12-22 19:56:00-05:00 with price : 1.05915 and quantity : 94.0]
2022-12-27 14:53:16,421 - [INFO ] - [root] - [calculate_signals: 101] - [SHORT at 2022-12-22 19:56:00-05:00 with price : 1.05915 and quantity : 94.0]
2022-12-27 14:53:16,555 - [INFO ] - [root] - [calculate_signals:  80] - [EXIT SHORT at 2022-12-22 20:01:00-05:00 with price : 1.0591 and quantity : 94.0 ]
2022-12-27 14:53:16,556 - [INFO ] - [root] - [calculate_signals:  86] - [LONG  at 2022-12-22 20:01:00-05:00 with price: 1.0591 and quantity : 95]
2022-12-27 14:53:16,578 - [INFO ] - [root] - [calculate_signals:  97] - [EXIT LONG at 2022-12-22 20:02:00-05:00 with price : 1.0588 and quantity : 95.0]
2022-12-27 14:53:16,579 - [INFO ] - [root] - [calculate_signals: 101] - [SHORT at 2022-12-22 20:02:00-05:00 with price : 1.0588 and quantity : 95.0]
2022-12-27 14:53:16,618 - [INFO ] - [root] - [calculate_signals:  80] - [EXIT SHORT at 2022-12-22 20:04:00-05:00 with price : 1.05875 and quantity : 95.0 ]
2022-12-27 14:53:16,618 - [INFO ] - [root] - [calculate_signals:  86] - [LONG  at 2022-12-22 20:04:00-05:00 with price: 1.05875 and quantity : 95]
2022-12-27 14:53:22,060 - [INFO ] - [root] - [calculate_signals:  97] - [EXIT LONG at 2022-12-22 23:39:00-05:00 with price : 1.06065 and quantity : 95.0]
2022-12-27 14:53:22,061 - [INFO ] - [root] - [calculate_signals: 101] - [SHORT at 2022-12-22 23:39:00-05:00 with price : 1.06065 and quantity : 95.0]
2022-12-27 14:53:22,096 - [INFO ] - [root] - [calculate_signals:  80] - [EXIT SHORT at 2022-12-22 23:40:00-05:00 with price : 1.0607 and quantity : 95.0 ]
2022-12-27 14:53:22,097 - [INFO ] - [root] - [calculate_signals:  86] - [LONG  at 2022-12-22 23:40:00-05:00 with price: 1.0607 and quantity : 95]
2022-12-27 14:53:22,381 - [INFO ] - [root] - [calculate_signals:  97] - [EXIT LONG at 2022-12-22 23:50:00-05:00 with price : 1.0606 and quantity : 95.0]
2022-12-27 14:53:22,381 - [INFO ] - [root] - [calculate_signals: 101] - [SHORT at 2022-12-22 23:50:00-05:00 with price : 1.0606 and quantity : 95.0]
2022-12-27 14:53:22,613 - [INFO ] - [root] - [calculate_signals:  80] - [EXIT SHORT at 2022-12-22 23:59:00-05:00 with price : 1.06045 and quantity : 95.0 ]
2022-12-27 14:53:22,614 - [INFO ] - [root] - [calculate_signals:  86] - [LONG  at 2022-12-22 23:59:00-05:00 with price: 1.06045 and quantity : 95]
2022-12-27 14:53:24,231 - [INFO ] - [root] - [calculate_signals:  97] - [EXIT LONG at 2022-12-23 00:59:00-05:00 with price : 1.0604 and quantity : 95.0]
2022-12-27 14:53:24,232 - [INFO ] - [root] - [calculate_signals: 101] - [SHORT at 2022-12-23 00:59:00-05:00 with price : 1.0604 and quantity : 95.0]
2022-12-27 14:53:24,274 - [INFO ] - [root] - [calculate_signals:  80] - [EXIT SHORT at 2022-12-23 01:01:00-05:00 with price : 1.06035 and quantity : 95.0 ]
2022-12-27 14:53:24,274 - [INFO ] - [root] - [calculate_signals:  86] - [LONG  at 2022-12-23 01:01:00-05:00 with price: 1.06035 and quantity : 95]
2022-12-27 14:53:27,813 - [INFO ] - [root] - [calculate_signals:  97] - [EXIT LONG at 2022-12-23 03:10:00-05:00 with price : 1.06185 and quantity : 95.0]
2022-12-27 14:53:27,813 - [INFO ] - [root] - [calculate_signals: 101] - [SHORT at 2022-12-23 03:10:00-05:00 with price : 1.06185 and quantity : 95.0]
2022-12-27 14:53:28,022 - [INFO ] - [root] - [calculate_signals:  80] - [EXIT SHORT at 2022-12-23 03:17:00-05:00 with price : 1.0616 and quantity : 95.0 ]
2022-12-27 14:53:28,022 - [INFO ] - [root] - [calculate_signals:  86] - [LONG  at 2022-12-23 03:17:00-05:00 with price: 1.0616 and quantity : 95]
2022-12-27 14:53:28,107 - [INFO ] - [root] - [calculate_signals:  97] - [EXIT LONG at 2022-12-23 03:20:00-05:00 with price : 1.06125 and quantity : 95.0]
2022-12-27 14:53:28,107 - [INFO ] - [root] - [calculate_signals: 101] - [SHORT at 2022-12-23 03:20:00-05:00 with price : 1.06125 and quantity : 95.0]
2022-12-27 14:53:28,499 - [INFO ] - [root] - [calculate_signals:  80] - [EXIT SHORT at 2022-12-23 03:37:00-05:00 with price : 1.06045 and quantity : 95.0 ]
2022-12-27 14:53:28,499 - [INFO ] - [root] - [calculate_signals:  86] - [LONG  at 2022-12-23 03:37:00-05:00 with price: 1.06045 and quantity : 95]
2022-12-27 14:53:33,719 - [INFO ] - [root] - [calculate_signals:  97] - [EXIT LONG at 2022-12-23 06:36:00-05:00 with price : 1.06175 and quantity : 95.0]
2022-12-27 14:53:33,719 - [INFO ] - [root] - [calculate_signals: 101] - [SHORT at 2022-12-23 06:36:00-05:00 with price : 1.06175 and quantity : 95.0]
2022-12-27 14:53:33,757 - [INFO ] - [root] - [calculate_signals:  80] - [EXIT SHORT at 2022-12-23 06:37:00-05:00 with price : 1.06165 and quantity : 95.0 ]
2022-12-27 14:53:33,757 - [INFO ] - [root] - [calculate_signals:  86] - [LONG  at 2022-12-23 06:37:00-05:00 with price: 1.06165 and quantity : 95]
2022-12-27 14:53:33,832 - [INFO ] - [root] - [calculate_signals:  97] - [EXIT LONG at 2022-12-23 06:39:00-05:00 with price : 1.0616 and quantity : 95.0]
2022-12-27 14:53:33,833 - [INFO ] - [root] - [calculate_signals: 101] - [SHORT at 2022-12-23 06:39:00-05:00 with price : 1.0616 and quantity : 95.0]
2022-12-27 14:53:34,004 - [INFO ] - [root] - [calculate_signals:  80] - [EXIT SHORT at 2022-12-23 06:43:00-05:00 with price : 1.06165 and quantity : 95.0 ]
2022-12-27 14:53:34,005 - [INFO ] - [root] - [calculate_signals:  86] - [LONG  at 2022-12-23 06:43:00-05:00 with price: 1.06165 and quantity : 95]
2022-12-27 14:53:34,073 - [INFO ] - [root] - [calculate_signals:  97] - [EXIT LONG at 2022-12-23 06:46:00-05:00 with price : 1.0613 and quantity : 95.0]
2022-12-27 14:53:34,073 - [INFO ] - [root] - [calculate_signals: 101] - [SHORT at 2022-12-23 06:46:00-05:00 with price : 1.0613 and quantity : 95.0]
2022-12-27 14:53:34,141 - [INFO ] - [root] - [calculate_signals:  80] - [EXIT SHORT at 2022-12-23 06:49:00-05:00 with price : 1.06125 and quantity : 95.0 ]
2022-12-27 14:53:34,141 - [INFO ] - [root] - [calculate_signals:  86] - [LONG  at 2022-12-23 06:49:00-05:00 with price: 1.06125 and quantity : 95]
2022-12-27 14:53:35,281 - [INFO ] - [root] - [calculate_signals:  97] - [EXIT LONG at 2022-12-23 07:32:00-05:00 with price : 1.06095 and quantity : 95.0]
2022-12-27 14:53:35,281 - [INFO ] - [root] - [calculate_signals: 101] - [SHORT at 2022-12-23 07:32:00-05:00 with price : 1.06095 and quantity : 95.0]
2022-12-27 14:53:35,567 - [INFO ] - [root] - [calculate_signals:  80] - [EXIT SHORT at 2022-12-23 07:43:00-05:00 with price : 1.06055 and quantity : 95.0 ]
2022-12-27 14:53:35,568 - [INFO ] - [root] - [calculate_signals:  86] - [LONG  at 2022-12-23 07:43:00-05:00 with price: 1.06055 and quantity : 95]
2022-12-27 14:53:38,608 - [INFO ] - [root] - [calculate_signals:  97] - [EXIT LONG at 2022-12-23 09:23:00-05:00 with price : 1.0601 and quantity : 95.0]
2022-12-27 14:53:38,608 - [INFO ] - [root] - [calculate_signals: 101] - [SHORT at 2022-12-23 09:23:00-05:00 with price : 1.0601 and quantity : 95.0]
2022-12-27 14:53:38,686 - [INFO ] - [root] - [calculate_signals:  80] - [EXIT SHORT at 2022-12-23 09:25:00-05:00 with price : 1.0603 and quantity : 95.0 ]
2022-12-27 14:53:38,687 - [INFO ] - [root] - [calculate_signals:  86] - [LONG  at 2022-12-23 09:25:00-05:00 with price: 1.0603 and quantity : 95]
2022-12-27 14:53:39,083 - [INFO ] - [root] - [calculate_signals:  97] - [EXIT LONG at 2022-12-23 09:40:00-05:00 with price : 1.05945 and quantity : 95.0]
2022-12-27 14:53:39,083 - [INFO ] - [root] - [calculate_signals: 101] - [SHORT at 2022-12-23 09:40:00-05:00 with price : 1.05945 and quantity : 95.0]
2022-12-27 14:53:39,137 - [INFO ] - [root] - [calculate_signals:  80] - [EXIT SHORT at 2022-12-23 09:42:00-05:00 with price : 1.0595 and quantity : 95.0 ]
2022-12-27 14:53:39,138 - [INFO ] - [root] - [calculate_signals:  86] - [LONG  at 2022-12-23 09:42:00-05:00 with price: 1.0595 and quantity : 95]
2022-12-27 14:53:41,173 - [INFO ] - [root] - [calculate_signals:  97] - [EXIT LONG at 2022-12-23 10:51:00-05:00 with price : 1.0613 and quantity : 95.0]
2022-12-27 14:53:41,174 - [INFO ] - [root] - [calculate_signals: 101] - [SHORT at 2022-12-23 10:51:00-05:00 with price : 1.0613 and quantity : 95.0]
2022-12-27 14:53:41,343 - [INFO ] - [root] - [calculate_signals:  80] - [EXIT SHORT at 2022-12-23 10:57:00-05:00 with price : 1.0614 and quantity : 95.0 ]
2022-12-27 14:53:41,344 - [INFO ] - [root] - [calculate_signals:  86] - [LONG  at 2022-12-23 10:57:00-05:00 with price: 1.0614 and quantity : 95]
2022-12-27 14:53:44,722 - [INFO ] - [root] - [calculate_signals:  97] - [EXIT LONG at 2022-12-23 12:53:00-05:00 with price : 1.06195 and quantity : 95.0]
2022-12-27 14:53:44,722 - [INFO ] - [root] - [calculate_signals: 101] - [SHORT at 2022-12-23 12:53:00-05:00 with price : 1.06195 and quantity : 95.0]
2022-12-27 14:53:44,749 - [INFO ] - [root] - [calculate_signals:  80] - [EXIT SHORT at 2022-12-23 12:54:00-05:00 with price : 1.0619 and quantity : 95.0 ]
2022-12-27 14:53:44,750 - [INFO ] - [root] - [calculate_signals:  86] - [LONG  at 2022-12-23 12:54:00-05:00 with price: 1.0619 and quantity : 95]
2022-12-27 14:53:45,818 - [INFO ] - [root] - [calculate_signals:  97] - [EXIT LONG at 2022-12-23 13:26:00-05:00 with price : 1.06135 and quantity : 95.0]
2022-12-27 14:53:45,818 - [INFO ] - [root] - [calculate_signals: 101] - [SHORT at 2022-12-23 13:26:00-05:00 with price : 1.06135 and quantity : 95.0]
2022-12-27 14:53:45,846 - [INFO ] - [root] - [calculate_signals:  80] - [EXIT SHORT at 2022-12-23 13:27:00-05:00 with price : 1.0614 and quantity : 95.0 ]
2022-12-27 14:53:45,846 - [INFO ] - [root] - [calculate_signals:  86] - [LONG  at 2022-12-23 13:27:00-05:00 with price: 1.0614 and quantity : 95]
2022-12-27 14:53:46,341 - [INFO ] - [root] - [calculate_signals:  97] - [EXIT LONG at 2022-12-23 13:43:00-05:00 with price : 1.06105 and quantity : 95.0]
2022-12-27 14:53:46,341 - [INFO ] - [root] - [calculate_signals: 101] - [SHORT at 2022-12-23 13:43:00-05:00 with price : 1.06105 and quantity : 95.0]
2022-12-27 14:53:46,745 - [INFO ] - [root] - [calculate_signals:  80] - [EXIT SHORT at 2022-12-23 13:53:00-05:00 with price : 1.06105 and quantity : 95.0 ]
2022-12-27 14:53:46,746 - [INFO ] - [root] - [calculate_signals:  86] - [LONG  at 2022-12-23 13:53:00-05:00 with price: 1.06105 and quantity : 95]
2022-12-27 14:53:49,749 - [INFO ] - [root] - [calculate_signals:  97] - [EXIT LONG at 2022-12-23 15:30:00-05:00 with price : 1.0615 and quantity : 95.0]
2022-12-27 14:53:49,749 - [INFO ] - [root] - [calculate_signals: 101] - [SHORT at 2022-12-23 15:30:00-05:00 with price : 1.0615 and quantity : 95.0]
2022-12-27 14:53:49,915 - [INFO ] - [root] - [calculate_signals:  80] - [EXIT SHORT at 2022-12-23 15:34:00-05:00 with price : 1.0616 and quantity : 95.0 ]
2022-12-27 14:53:49,916 - [INFO ] - [root] - [calculate_signals:  86] - [LONG  at 2022-12-23 15:34:00-05:00 with price: 1.0616 and quantity : 95]
2022-12-27 14:53:50,068 - [INFO ] - [root] - [calculate_signals:  97] - [EXIT LONG at 2022-12-23 15:38:00-05:00 with price : 1.0614 and quantity : 95.0]
2022-12-27 14:53:50,069 - [INFO ] - [root] - [calculate_signals: 101] - [SHORT at 2022-12-23 15:38:00-05:00 with price : 1.0614 and quantity : 95.0]
2022-12-27 14:53:50,125 - [INFO ] - [root] - [calculate_signals:  80] - [EXIT SHORT at 2022-12-23 15:40:00-05:00 with price : 1.0614 and quantity : 95.0 ]
2022-12-27 14:53:50,125 - [INFO ] - [root] - [calculate_signals:  86] - [LONG  at 2022-12-23 15:40:00-05:00 with price: 1.0614 and quantity : 95]
2022-12-27 14:53:51,533 - [INFO ] - [root] - [calculate_signals:  97] - [EXIT LONG at 2022-12-23 16:21:00-05:00 with price : 1.0616 and quantity : 95.0]
2022-12-27 14:53:51,533 - [INFO ] - [root] - [calculate_signals: 101] - [SHORT at 2022-12-23 16:21:00-05:00 with price : 1.0616 and quantity : 95.0]
2022-12-27 14:53:51,699 - [INFO ] - [root] - [calculate_signals:  80] - [EXIT SHORT at 2022-12-23 16:25:00-05:00 with price : 1.0617 and quantity : 95.0 ]
2022-12-27 14:53:51,699 - [INFO ] - [root] - [calculate_signals:  86] - [LONG  at 2022-12-23 16:25:00-05:00 with price: 1.0617 and quantity : 95]
2022-12-27 14:53:51,917 - [INFO ] - [root] - [calculate_signals:  97] - [EXIT LONG at 2022-12-23 16:32:00-05:00 with price : 1.0615 and quantity : 95.0]
2022-12-27 14:53:51,917 - [INFO ] - [root] - [calculate_signals: 101] - [SHORT at 2022-12-23 16:32:00-05:00 with price : 1.0615 and quantity : 95.0]
2022-12-27 14:53:51,974 - [INFO ] - [root] - [calculate_signals:  80] - [EXIT SHORT at 2022-12-23 16:34:00-05:00 with price : 1.06155 and quantity : 95.0 ]
2022-12-27 14:53:51,974 - [INFO ] - [root] - [calculate_signals:  86] - [LONG  at 2022-12-23 16:34:00-05:00 with price: 1.06155 and quantity : 95]
2022-12-27 14:53:52,261 - [INFO ] - [root] - [calculate_signals:  97] - [EXIT LONG at 2022-12-23 16:41:00-05:00 with price : 1.0613 and quantity : 95.0]
2022-12-27 14:53:52,262 - [INFO ] - [root] - [calculate_signals: 101] - [SHORT at 2022-12-23 16:41:00-05:00 with price : 1.0613 and quantity : 95.0]
2022-12-27 14:53:52,297 - [INFO ] - [root] - [calculate_signals:  80] - [EXIT SHORT at 2022-12-23 16:42:00-05:00 with price : 1.0613 and quantity : 95.0 ]
2022-12-27 14:53:52,303 - [INFO ] - [root] - [calculate_signals:  86] - [LONG  at 2022-12-23 16:42:00-05:00 with price: 1.0613 and quantity : 95]
2022-12-27 14:53:52,340 - [INFO ] - [root] - [calculate_signals:  97] - [EXIT LONG at 2022-12-23 16:43:00-05:00 with price : 1.06135 and quantity : 95.0]
2022-12-27 14:53:52,340 - [INFO ] - [root] - [calculate_signals: 101] - [SHORT at 2022-12-23 16:43:00-05:00 with price : 1.06135 and quantity : 95.0]
2022-12-27 14:53:52,371 - [INFO ] - [root] - [calculate_signals:  80] - [EXIT SHORT at 2022-12-23 16:44:00-05:00 with price : 1.06135 and quantity : 95.0 ]
2022-12-27 14:53:52,372 - [INFO ] - [root] - [calculate_signals:  86] - [LONG  at 2022-12-23 16:44:00-05:00 with price: 1.06135 and quantity : 95]
2022-12-27 14:53:54,181 - [INFO ] - [root] - [calculate_signals:  97] - [EXIT LONG at 2022-12-25 19:39:00-05:00 with price : 1.0624 and quantity : 95.0]
2022-12-27 14:53:54,181 - [INFO ] - [root] - [calculate_signals: 101] - [SHORT at 2022-12-25 19:39:00-05:00 with price : 1.0624 and quantity : 95.0]
2022-12-27 14:53:54,812 - [INFO ] - [root] - [calculate_signals:  80] - [EXIT SHORT at 2022-12-25 19:55:00-05:00 with price : 1.06095 and quantity : 95.0 ]
2022-12-27 14:53:54,812 - [INFO ] - [root] - [calculate_signals:  86] - [LONG  at 2022-12-25 19:55:00-05:00 with price: 1.06095 and quantity : 95]
2022-12-27 14:53:55,650 - [INFO ] - [root] - [calculate_signals:  97] - [EXIT LONG at 2022-12-25 20:21:00-05:00 with price : 1.06155 and quantity : 95.0]
2022-12-27 14:53:55,651 - [INFO ] - [root] - [calculate_signals: 101] - [SHORT at 2022-12-25 20:21:00-05:00 with price : 1.06155 and quantity : 95.0]
2022-12-27 14:53:55,687 - [INFO ] - [root] - [calculate_signals:  80] - [EXIT SHORT at 2022-12-25 20:22:00-05:00 with price : 1.06155 and quantity : 95.0 ]
2022-12-27 14:53:55,688 - [INFO ] - [root] - [calculate_signals:  86] - [LONG  at 2022-12-25 20:22:00-05:00 with price: 1.06155 and quantity : 95]
2022-12-27 14:53:56,272 - [INFO ] - [root] - [calculate_signals:  97] - [EXIT LONG at 2022-12-25 20:38:00-05:00 with price : 1.06125 and quantity : 95.0]
2022-12-27 14:53:56,272 - [INFO ] - [root] - [calculate_signals: 101] - [SHORT at 2022-12-25 20:38:00-05:00 with price : 1.06125 and quantity : 95.0]
2022-12-27 14:53:56,549 - [INFO ] - [root] - [calculate_signals:  80] - [EXIT SHORT at 2022-12-25 20:47:00-05:00 with price : 1.06135 and quantity : 95.0 ]
2022-12-27 14:53:56,550 - [INFO ] - [root] - [calculate_signals:  86] - [LONG  at 2022-12-25 20:47:00-05:00 with price: 1.06135 and quantity : 95]
2022-12-27 14:54:09,729 - [INFO ] - [root] - [calculate_signals:  97] - [EXIT LONG at 2022-12-26 02:55:00-05:00 with price : 1.0629 and quantity : 95.0]
2022-12-27 14:54:09,730 - [INFO ] - [root] - [calculate_signals: 101] - [SHORT at 2022-12-26 02:55:00-05:00 with price : 1.0629 and quantity : 95.0]
2022-12-27 14:54:09,992 - [INFO ] - [root] - [calculate_signals:  80] - [EXIT SHORT at 2022-12-26 03:03:00-05:00 with price : 1.0628 and quantity : 95.0 ]
2022-12-27 14:54:09,992 - [INFO ] - [root] - [calculate_signals:  86] - [LONG  at 2022-12-26 03:03:00-05:00 with price: 1.0628 and quantity : 95]
2022-12-27 14:54:10,022 - [INFO ] - [root] - [calculate_signals:  97] - [EXIT LONG at 2022-12-26 03:04:00-05:00 with price : 1.0627 and quantity : 95.0]
2022-12-27 14:54:10,022 - [INFO ] - [root] - [calculate_signals: 101] - [SHORT at 2022-12-26 03:04:00-05:00 with price : 1.0627 and quantity : 95.0]
2022-12-27 14:54:10,077 - [INFO ] - [root] - [calculate_signals:  80] - [EXIT SHORT at 2022-12-26 03:06:00-05:00 with price : 1.0627 and quantity : 95.0 ]
2022-12-27 14:54:10,077 - [INFO ] - [root] - [calculate_signals:  86] - [LONG  at 2022-12-26 03:06:00-05:00 with price: 1.0627 and quantity : 95]
2022-12-27 14:54:10,108 - [INFO ] - [root] - [calculate_signals:  97] - [EXIT LONG at 2022-12-26 03:07:00-05:00 with price : 1.06225 and quantity : 95.0]
2022-12-27 14:54:10,109 - [INFO ] - [root] - [calculate_signals: 101] - [SHORT at 2022-12-26 03:07:00-05:00 with price : 1.06225 and quantity : 95.0]
2022-12-27 14:54:10,485 - [INFO ] - [root] - [calculate_signals:  80] - [EXIT SHORT at 2022-12-26 03:17:00-05:00 with price : 1.0623 and quantity : 95.0 ]
2022-12-27 14:54:10,485 - [INFO ] - [root] - [calculate_signals:  86] - [LONG  at 2022-12-26 03:17:00-05:00 with price: 1.0623 and quantity : 95]
2022-12-27 14:54:10,711 - [INFO ] - [root] - [calculate_signals:  97] - [EXIT LONG at 2022-12-26 03:24:00-05:00 with price : 1.06225 and quantity : 95.0]
2022-12-27 14:54:10,711 - [INFO ] - [root] - [calculate_signals: 101] - [SHORT at 2022-12-26 03:24:00-05:00 with price : 1.06225 and quantity : 95.0]
2022-12-27 14:54:11,022 - [INFO ] - [root] - [calculate_signals:  80] - [EXIT SHORT at 2022-12-26 03:33:00-05:00 with price : 1.06225 and quantity : 95.0 ]
2022-12-27 14:54:11,022 - [INFO ] - [root] - [calculate_signals:  86] - [LONG  at 2022-12-26 03:33:00-05:00 with price: 1.06225 and quantity : 95]
2022-12-27 14:54:11,137 - [INFO ] - [root] - [calculate_signals:  97] - [EXIT LONG at 2022-12-26 03:37:00-05:00 with price : 1.06205 and quantity : 95.0]
2022-12-27 14:54:11,137 - [INFO ] - [root] - [calculate_signals: 101] - [SHORT at 2022-12-26 03:37:00-05:00 with price : 1.06205 and quantity : 95.0]
2022-12-27 14:54:11,379 - [INFO ] - [root] - [calculate_signals:  80] - [EXIT SHORT at 2022-12-26 03:44:00-05:00 with price : 1.0619 and quantity : 95.0 ]
2022-12-27 14:54:11,379 - [INFO ] - [root] - [calculate_signals:  86] - [LONG  at 2022-12-26 03:44:00-05:00 with price: 1.0619 and quantity : 95]
2022-12-27 14:54:11,408 - [INFO ] - [root] - [calculate_signals:  97] - [EXIT LONG at 2022-12-26 03:45:00-05:00 with price : 1.06165 and quantity : 95.0]
2022-12-27 14:54:11,408 - [INFO ] - [root] - [calculate_signals: 101] - [SHORT at 2022-12-26 03:45:00-05:00 with price : 1.06165 and quantity : 95.0]
2022-12-27 14:54:11,592 - [INFO ] - [root] - [calculate_signals:  80] - [EXIT SHORT at 2022-12-26 03:49:00-05:00 with price : 1.06185 and quantity : 95.0 ]
2022-12-27 14:54:11,593 - [INFO ] - [root] - [calculate_signals:  86] - [LONG  at 2022-12-26 03:49:00-05:00 with price: 1.06185 and quantity : 95]
2022-12-27 14:54:13,260 - [INFO ] - [root] - [calculate_signals:  97] - [EXIT LONG at 2022-12-26 04:37:00-05:00 with price : 1.0624 and quantity : 95.0]
2022-12-27 14:54:13,260 - [INFO ] - [root] - [calculate_signals: 101] - [SHORT at 2022-12-26 04:37:00-05:00 with price : 1.0624 and quantity : 95.0]
2022-12-27 14:54:13,687 - [INFO ] - [root] - [calculate_signals:  80] - [EXIT SHORT at 2022-12-26 04:50:00-05:00 with price : 1.0624 and quantity : 95.0 ]
2022-12-27 14:54:13,688 - [INFO ] - [root] - [calculate_signals:  86] - [LONG  at 2022-12-26 04:50:00-05:00 with price: 1.0624 and quantity : 95]
2022-12-27 14:54:13,812 - [INFO ] - [root] - [calculate_signals:  97] - [EXIT LONG at 2022-12-26 04:54:00-05:00 with price : 1.06235 and quantity : 95.0]
2022-12-27 14:54:13,812 - [INFO ] - [root] - [calculate_signals: 101] - [SHORT at 2022-12-26 04:54:00-05:00 with price : 1.06235 and quantity : 95.0]
2022-12-27 14:54:13,885 - [INFO ] - [root] - [calculate_signals:  80] - [EXIT SHORT at 2022-12-26 04:55:00-05:00 with price : 1.06235 and quantity : 95.0 ]
2022-12-27 14:54:13,886 - [INFO ] - [root] - [calculate_signals:  86] - [LONG  at 2022-12-26 04:55:00-05:00 with price: 1.06235 and quantity : 95]
2022-12-27 14:54:13,975 - [INFO ] - [root] - [calculate_signals:  97] - [EXIT LONG at 2022-12-26 04:57:00-05:00 with price : 1.06235 and quantity : 95.0]
2022-12-27 14:54:13,975 - [INFO ] - [root] - [calculate_signals: 101] - [SHORT at 2022-12-26 04:57:00-05:00 with price : 1.06235 and quantity : 95.0]
2022-12-27 14:54:14,258 - [INFO ] - [root] - [calculate_signals:  80] - [EXIT SHORT at 2022-12-26 05:06:00-05:00 with price : 1.06235 and quantity : 95.0 ]
2022-12-27 14:54:14,259 - [INFO ] - [root] - [calculate_signals:  86] - [LONG  at 2022-12-26 05:06:00-05:00 with price: 1.06235 and quantity : 95]
2022-12-27 14:54:20,230 - [INFO ] - [root] - [calculate_signals:  97] - [EXIT LONG at 2022-12-26 07:42:00-05:00 with price : 1.0622 and quantity : 95.0]
2022-12-27 14:54:20,230 - [INFO ] - [root] - [calculate_signals: 101] - [SHORT at 2022-12-26 07:42:00-05:00 with price : 1.0622 and quantity : 95.0]
2022-12-27 14:54:20,260 - [INFO ] - [root] - [calculate_signals:  80] - [EXIT SHORT at 2022-12-26 07:43:00-05:00 with price : 1.0621 and quantity : 95.0 ]
2022-12-27 14:54:20,260 - [INFO ] - [root] - [calculate_signals:  86] - [LONG  at 2022-12-26 07:43:00-05:00 with price: 1.0621 and quantity : 95]
2022-12-27 14:54:21,807 - [INFO ] - [root] - [calculate_signals:  97] - [EXIT LONG at 2022-12-26 08:25:00-05:00 with price : 1.0627 and quantity : 95.0]
2022-12-27 14:54:21,808 - [INFO ] - [root] - [calculate_signals: 101] - [SHORT at 2022-12-26 08:25:00-05:00 with price : 1.0627 and quantity : 95.0]
2022-12-27 14:54:22,065 - [INFO ] - [root] - [calculate_signals:  80] - [EXIT SHORT at 2022-12-26 08:30:00-05:00 with price : 1.0628 and quantity : 95.0 ]
2022-12-27 14:54:22,065 - [INFO ] - [root] - [calculate_signals:  86] - [LONG  at 2022-12-26 08:30:00-05:00 with price: 1.0628 and quantity : 95]
2022-12-27 14:54:22,980 - [INFO ] - [root] - [calculate_signals:  97] - [EXIT LONG at 2022-12-26 08:56:00-05:00 with price : 1.06285 and quantity : 95.0]
2022-12-27 14:54:22,980 - [INFO ] - [root] - [calculate_signals: 101] - [SHORT at 2022-12-26 08:56:00-05:00 with price : 1.06285 and quantity : 95.0]
2022-12-27 14:54:23,405 - [INFO ] - [root] - [calculate_signals:  80] - [EXIT SHORT at 2022-12-26 09:08:00-05:00 with price : 1.06285 and quantity : 95.0 ]
2022-12-27 14:54:23,406 - [INFO ] - [root] - [calculate_signals:  86] - [LONG  at 2022-12-26 09:08:00-05:00 with price: 1.06285 and quantity : 95]
2022-12-27 14:54:24,769 - [INFO ] - [root] - [calculate_signals:  97] - [EXIT LONG at 2022-12-26 09:49:00-05:00 with price : 1.06255 and quantity : 95.0]
2022-12-27 14:54:24,769 - [INFO ] - [root] - [calculate_signals: 101] - [SHORT at 2022-12-26 09:49:00-05:00 with price : 1.06255 and quantity : 95.0]
2022-12-27 14:54:25,857 - [INFO ] - [root] - [calculate_signals:  80] - [EXIT SHORT at 2022-12-26 10:22:00-05:00 with price : 1.06235 and quantity : 95.0 ]
2022-12-27 14:54:25,857 - [INFO ] - [root] - [calculate_signals:  86] - [LONG  at 2022-12-26 10:22:00-05:00 with price: 1.06235 and quantity : 95]
2022-12-27 14:54:31,490 - [INFO ] - [root] - [calculate_signals:  97] - [EXIT LONG at 2022-12-26 12:39:00-05:00 with price : 1.063 and quantity : 95.0]
2022-12-27 14:54:31,490 - [INFO ] - [root] - [calculate_signals: 101] - [SHORT at 2022-12-26 12:39:00-05:00 with price : 1.063 and quantity : 95.0]
2022-12-27 14:54:31,524 - [INFO ] - [root] - [calculate_signals:  80] - [EXIT SHORT at 2022-12-26 12:40:00-05:00 with price : 1.063 and quantity : 95.0 ]
2022-12-27 14:54:31,525 - [INFO ] - [root] - [calculate_signals:  86] - [LONG  at 2022-12-26 12:40:00-05:00 with price: 1.063 and quantity : 95]
2022-12-27 14:54:33,726 - [INFO ] - [root] - [calculate_signals:  97] - [EXIT LONG at 2022-12-26 13:32:00-05:00 with price : 1.063 and quantity : 95.0]
2022-12-27 14:54:33,727 - [INFO ] - [root] - [calculate_signals: 101] - [SHORT at 2022-12-26 13:32:00-05:00 with price : 1.063 and quantity : 95.0]
2022-12-27 14:54:34,019 - [INFO ] - [root] - [calculate_signals:  80] - [EXIT SHORT at 2022-12-26 13:40:00-05:00 with price : 1.063 and quantity : 95.0 ]
2022-12-27 14:54:34,019 - [INFO ] - [root] - [calculate_signals:  86] - [LONG  at 2022-12-26 13:40:00-05:00 with price: 1.063 and quantity : 95]
2022-12-27 14:54:40,613 - [INFO ] - [root] - [calculate_signals:  97] - [EXIT LONG at 2022-12-26 16:22:00-05:00 with price : 1.06335 and quantity : 95.0]
2022-12-27 14:54:40,613 - [INFO ] - [root] - [calculate_signals: 101] - [SHORT at 2022-12-26 16:22:00-05:00 with price : 1.06335 and quantity : 95.0]
2022-12-27 14:54:40,725 - [INFO ] - [root] - [calculate_signals:  80] - [EXIT SHORT at 2022-12-26 16:25:00-05:00 with price : 1.0634 and quantity : 95.0 ]
2022-12-27 14:54:40,725 - [INFO ] - [root] - [calculate_signals:  86] - [LONG  at 2022-12-26 16:25:00-05:00 with price: 1.0634 and quantity : 95]
2022-12-27 14:54:44,073 - [INFO ] - [root] - [calculate_signals:  97] - [EXIT LONG at 2022-12-26 18:03:00-05:00 with price : 1.06325 and quantity : 95.0]
2022-12-27 14:54:44,073 - [INFO ] - [root] - [calculate_signals: 101] - [SHORT at 2022-12-26 18:03:00-05:00 with price : 1.06325 and quantity : 95.0]
2022-12-27 14:54:44,263 - [INFO ] - [root] - [calculate_signals:  80] - [EXIT SHORT at 2022-12-26 18:06:00-05:00 with price : 1.06325 and quantity : 95.0 ]
2022-12-27 14:54:44,264 - [INFO ] - [root] - [calculate_signals:  86] - [LONG  at 2022-12-26 18:06:00-05:00 with price: 1.06325 and quantity : 95]
2022-12-27 14:54:46,246 - [INFO ] - [root] - [calculate_signals:  97] - [EXIT LONG at 2022-12-26 18:53:00-05:00 with price : 1.06405 and quantity : 95.0]
2022-12-27 14:54:46,246 - [INFO ] - [root] - [calculate_signals: 101] - [SHORT at 2022-12-26 18:53:00-05:00 with price : 1.06405 and quantity : 95.0]
2022-12-27 14:54:46,577 - [INFO ] - [root] - [calculate_signals:  80] - [EXIT SHORT at 2022-12-26 19:01:00-05:00 with price : 1.06375 and quantity : 95.0 ]
2022-12-27 14:54:46,577 - [INFO ] - [root] - [calculate_signals:  86] - [LONG  at 2022-12-26 19:01:00-05:00 with price: 1.06375 and quantity : 95]
2022-12-27 14:54:46,770 - [INFO ] - [root] - [calculate_signals:  97] - [EXIT LONG at 2022-12-26 19:04:00-05:00 with price : 1.0636 and quantity : 95.0]
2022-12-27 14:54:46,771 - [INFO ] - [root] - [calculate_signals: 101] - [SHORT at 2022-12-26 19:04:00-05:00 with price : 1.0636 and quantity : 95.0]
2022-12-27 14:54:46,931 - [INFO ] - [root] - [calculate_signals:  80] - [EXIT SHORT at 2022-12-26 19:08:00-05:00 with price : 1.06375 and quantity : 95.0 ]
2022-12-27 14:54:46,932 - [INFO ] - [root] - [calculate_signals:  86] - [LONG  at 2022-12-26 19:08:00-05:00 with price: 1.06375 and quantity : 95]
2022-12-27 14:54:48,322 - [INFO ] - [root] - [calculate_signals:  97] - [EXIT LONG at 2022-12-26 19:40:00-05:00 with price : 1.06385 and quantity : 95.0]
2022-12-27 14:54:48,322 - [INFO ] - [root] - [calculate_signals: 101] - [SHORT at 2022-12-26 19:40:00-05:00 with price : 1.06385 and quantity : 95.0]
2022-12-27 14:54:48,493 - [INFO ] - [root] - [calculate_signals:  80] - [EXIT SHORT at 2022-12-26 19:45:00-05:00 with price : 1.0639 and quantity : 95.0 ]
2022-12-27 14:54:48,494 - [INFO ] - [root] - [calculate_signals:  86] - [LONG  at 2022-12-26 19:45:00-05:00 with price: 1.0639 and quantity : 95]
2022-12-27 14:54:50,600 - [INFO ] - [root] - [calculate_signals:  97] - [EXIT LONG at 2022-12-26 20:39:00-05:00 with price : 1.06445 and quantity : 95.0]
2022-12-27 14:54:50,600 - [INFO ] - [root] - [calculate_signals: 101] - [SHORT at 2022-12-26 20:39:00-05:00 with price : 1.06445 and quantity : 95.0]
2022-12-27 14:54:50,797 - [INFO ] - [root] - [calculate_signals:  80] - [EXIT SHORT at 2022-12-26 20:43:00-05:00 with price : 1.0643 and quantity : 95.0 ]
2022-12-27 14:54:50,797 - [INFO ] - [root] - [calculate_signals:  86] - [LONG  at 2022-12-26 20:43:00-05:00 with price: 1.0643 and quantity : 95]
2022-12-27 14:54:52,156 - [INFO ] - [root] - [calculate_signals:  97] - [EXIT LONG at 2022-12-26 21:17:00-05:00 with price : 1.065 and quantity : 95.0]
2022-12-27 14:54:52,156 - [INFO ] - [root] - [calculate_signals: 101] - [SHORT at 2022-12-26 21:17:00-05:00 with price : 1.065 and quantity : 95.0]
2022-12-27 14:54:52,696 - [INFO ] - [root] - [calculate_signals:  80] - [EXIT SHORT at 2022-12-26 21:30:00-05:00 with price : 1.0647 and quantity : 95.0 ]
2022-12-27 14:54:52,696 - [INFO ] - [root] - [calculate_signals:  86] - [LONG  at 2022-12-26 21:30:00-05:00 with price: 1.0647 and quantity : 95]
2022-12-27 14:54:54,273 - [INFO ] - [root] - [calculate_signals:  97] - [EXIT LONG at 2022-12-26 22:07:00-05:00 with price : 1.06435 and quantity : 95.0]
2022-12-27 14:54:54,274 - [INFO ] - [root] - [calculate_signals: 101] - [SHORT at 2022-12-26 22:07:00-05:00 with price : 1.06435 and quantity : 95.0]
2022-12-27 14:54:54,390 - [INFO ] - [root] - [calculate_signals:  80] - [EXIT SHORT at 2022-12-26 22:09:00-05:00 with price : 1.0644 and quantity : 95.0 ]
2022-12-27 14:54:54,390 - [INFO ] - [root] - [calculate_signals:  86] - [LONG  at 2022-12-26 22:09:00-05:00 with price: 1.0644 and quantity : 95]
2022-12-27 14:54:54,555 - [INFO ] - [root] - [calculate_signals:  97] - [EXIT LONG at 2022-12-26 22:13:00-05:00 with price : 1.0642 and quantity : 95.0]
2022-12-27 14:54:54,555 - [INFO ] - [root] - [calculate_signals: 101] - [SHORT at 2022-12-26 22:13:00-05:00 with price : 1.0642 and quantity : 95.0]
2022-12-27 14:54:54,840 - [INFO ] - [root] - [calculate_signals:  80] - [EXIT SHORT at 2022-12-26 22:21:00-05:00 with price : 1.06415 and quantity : 95.0 ]
2022-12-27 14:54:54,841 - [INFO ] - [root] - [calculate_signals:  86] - [LONG  at 2022-12-26 22:21:00-05:00 with price: 1.06415 and quantity : 95]
2022-12-27 14:54:55,266 - [INFO ] - [root] - [calculate_signals:  97] - [EXIT LONG at 2022-12-26 22:32:00-05:00 with price : 1.0638 and quantity : 95.0]
2022-12-27 14:54:55,266 - [INFO ] - [root] - [calculate_signals: 101] - [SHORT at 2022-12-26 22:32:00-05:00 with price : 1.0638 and quantity : 95.0]
2022-12-27 14:54:55,316 - [INFO ] - [root] - [calculate_signals:  80] - [EXIT SHORT at 2022-12-26 22:33:00-05:00 with price : 1.0639 and quantity : 95.0 ]
2022-12-27 14:54:55,317 - [INFO ] - [root] - [calculate_signals:  86] - [LONG  at 2022-12-26 22:33:00-05:00 with price: 1.0639 and quantity : 95]
2022-12-27 14:54:55,369 - [INFO ] - [root] - [calculate_signals:  97] - [EXIT LONG at 2022-12-26 22:34:00-05:00 with price : 1.0637 and quantity : 95.0]
2022-12-27 14:54:55,369 - [INFO ] - [root] - [calculate_signals: 101] - [SHORT at 2022-12-26 22:34:00-05:00 with price : 1.0637 and quantity : 95.0]
2022-12-27 14:54:55,503 - [INFO ] - [root] - [calculate_signals:  80] - [EXIT SHORT at 2022-12-26 22:36:00-05:00 with price : 1.0636 and quantity : 95.0 ]
2022-12-27 14:54:55,503 - [INFO ] - [root] - [calculate_signals:  86] - [LONG  at 2022-12-26 22:36:00-05:00 with price: 1.0636 and quantity : 95]
2022-12-27 14:54:58,361 - [INFO ] - [root] - [calculate_signals:  97] - [EXIT LONG at 2022-12-26 23:45:00-05:00 with price : 1.06425 and quantity : 95.0]
2022-12-27 14:54:58,361 - [INFO ] - [root] - [calculate_signals: 101] - [SHORT at 2022-12-26 23:45:00-05:00 with price : 1.06425 and quantity : 95.0]
2022-12-27 14:54:58,428 - [INFO ] - [root] - [calculate_signals:  80] - [EXIT SHORT at 2022-12-26 23:47:00-05:00 with price : 1.06425 and quantity : 95.0 ]
2022-12-27 14:54:58,428 - [INFO ] - [root] - [calculate_signals:  86] - [LONG  at 2022-12-26 23:47:00-05:00 with price: 1.06425 and quantity : 95]
2022-12-27 14:55:04,905 - [INFO ] - [root] - [calculate_signals:  97] - [EXIT LONG at 2022-12-27 02:14:00-05:00 with price : 1.0658 and quantity : 95.0]
2022-12-27 14:55:04,906 - [INFO ] - [root] - [calculate_signals: 101] - [SHORT at 2022-12-27 02:14:00-05:00 with price : 1.0658 and quantity : 95.0]
2022-12-27 14:55:05,078 - [INFO ] - [root] - [calculate_signals:  80] - [EXIT SHORT at 2022-12-27 02:18:00-05:00 with price : 1.06565 and quantity : 95.0 ]
2022-12-27 14:55:05,078 - [INFO ] - [root] - [calculate_signals:  86] - [LONG  at 2022-12-27 02:18:00-05:00 with price: 1.06565 and quantity : 95]
2022-12-27 14:55:06,494 - [INFO ] - [root] - [calculate_signals:  97] - [EXIT LONG at 2022-12-27 02:48:00-05:00 with price : 1.06555 and quantity : 95.0]
2022-12-27 14:55:06,494 - [INFO ] - [root] - [calculate_signals: 101] - [SHORT at 2022-12-27 02:48:00-05:00 with price : 1.06555 and quantity : 95.0]
2022-12-27 14:55:07,196 - [INFO ] - [root] - [calculate_signals:  80] - [EXIT SHORT at 2022-12-27 03:06:00-05:00 with price : 1.06465 and quantity : 95.0 ]
2022-12-27 14:55:07,197 - [INFO ] - [root] - [calculate_signals:  86] - [LONG  at 2022-12-27 03:06:00-05:00 with price: 1.06465 and quantity : 95]
2022-12-27 14:55:08,742 - [INFO ] - [root] - [calculate_signals:  97] - [EXIT LONG at 2022-12-27 03:40:00-05:00 with price : 1.06455 and quantity : 95.0]
2022-12-27 14:55:08,743 - [INFO ] - [root] - [calculate_signals: 101] - [SHORT at 2022-12-27 03:40:00-05:00 with price : 1.06455 and quantity : 95.0]
2022-12-27 14:55:08,875 - [INFO ] - [root] - [calculate_signals:  80] - [EXIT SHORT at 2022-12-27 03:42:00-05:00 with price : 1.0648 and quantity : 95.0 ]
2022-12-27 14:55:08,876 - [INFO ] - [root] - [calculate_signals:  86] - [LONG  at 2022-12-27 03:42:00-05:00 with price: 1.0648 and quantity : 95]
2022-12-27 14:55:16,750 - [INFO ] - [root] - [calculate_signals:  97] - [EXIT LONG at 2022-12-27 06:36:00-05:00 with price : 1.066 and quantity : 95.0]
2022-12-27 14:55:16,750 - [INFO ] - [root] - [calculate_signals: 101] - [SHORT at 2022-12-27 06:36:00-05:00 with price : 1.066 and quantity : 95.0]
2022-12-27 14:55:16,894 - [INFO ] - [root] - [calculate_signals:  80] - [EXIT SHORT at 2022-12-27 06:40:00-05:00 with price : 1.066 and quantity : 95.0 ]
2022-12-27 14:55:16,895 - [INFO ] - [root] - [calculate_signals:  86] - [LONG  at 2022-12-27 06:40:00-05:00 with price: 1.066 and quantity : 95]
2022-12-27 14:55:16,995 - [INFO ] - [root] - [calculate_signals:  97] - [EXIT LONG at 2022-12-27 06:42:00-05:00 with price : 1.06585 and quantity : 95.0]
2022-12-27 14:55:16,995 - [INFO ] - [root] - [calculate_signals: 101] - [SHORT at 2022-12-27 06:42:00-05:00 with price : 1.06585 and quantity : 95.0]
2022-12-27 14:55:17,049 - [INFO ] - [root] - [calculate_signals:  80] - [EXIT SHORT at 2022-12-27 06:43:00-05:00 with price : 1.06585 and quantity : 95.0 ]
2022-12-27 14:55:17,050 - [INFO ] - [root] - [calculate_signals:  86] - [LONG  at 2022-12-27 06:43:00-05:00 with price: 1.06585 and quantity : 95]
2022-12-27 14:55:17,126 - [INFO ] - [root] - [calculate_signals:  97] - [EXIT LONG at 2022-12-27 06:45:00-05:00 with price : 1.0658 and quantity : 95.0]
2022-12-27 14:55:17,126 - [INFO ] - [root] - [calculate_signals: 101] - [SHORT at 2022-12-27 06:45:00-05:00 with price : 1.0658 and quantity : 95.0]
2022-12-27 14:55:17,635 - [INFO ] - [root] - [calculate_signals:  80] - [EXIT SHORT at 2022-12-27 06:57:00-05:00 with price : 1.0654 and quantity : 95.0 ]
2022-12-27 14:55:17,636 - [INFO ] - [root] - [calculate_signals:  86] - [LONG  at 2022-12-27 06:57:00-05:00 with price: 1.0654 and quantity : 95]
2022-12-27 14:55:18,456 - [INFO ] - [root] - [calculate_signals:  97] - [EXIT LONG at 2022-12-27 07:16:00-05:00 with price : 1.0649 and quantity : 95.0]
2022-12-27 14:55:18,456 - [INFO ] - [root] - [calculate_signals: 101] - [SHORT at 2022-12-27 07:16:00-05:00 with price : 1.0649 and quantity : 95.0]
2022-12-27 14:55:18,650 - [INFO ] - [root] - [calculate_signals:  80] - [EXIT SHORT at 2022-12-27 07:20:00-05:00 with price : 1.0649 and quantity : 95.0 ]
2022-12-27 14:55:18,651 - [INFO ] - [root] - [calculate_signals:  86] - [LONG  at 2022-12-27 07:20:00-05:00 with price: 1.0649 and quantity : 95]
2022-12-27 14:55:19,996 - [INFO ] - [root] - [calculate_signals:  97] - [EXIT LONG at 2022-12-27 07:49:00-05:00 with price : 1.06435 and quantity : 95.0]
2022-12-27 14:55:19,997 - [INFO ] - [root] - [calculate_signals: 101] - [SHORT at 2022-12-27 07:49:00-05:00 with price : 1.06435 and quantity : 95.0]
2022-12-27 14:55:21,422 - [INFO ] - [root] - [calculate_signals:  80] - [EXIT SHORT at 2022-12-27 08:15:00-05:00 with price : 1.0624 and quantity : 95.0 ]
2022-12-27 14:55:21,423 - [INFO ] - [root] - [calculate_signals:  86] - [LONG  at 2022-12-27 08:15:00-05:00 with price: 1.0624 and quantity : 96]
2022-12-27 14:55:23,467 - [INFO ] - [root] - [calculate_signals:  97] - [EXIT LONG at 2022-12-27 08:57:00-05:00 with price : 1.0627 and quantity : 96.0]
2022-12-27 14:55:23,467 - [INFO ] - [root] - [calculate_signals: 101] - [SHORT at 2022-12-27 08:57:00-05:00 with price : 1.0627 and quantity : 96.0]
2022-12-27 14:55:23,598 - [INFO ] - [root] - [calculate_signals:  80] - [EXIT SHORT at 2022-12-27 09:00:00-05:00 with price : 1.06275 and quantity : 96.0 ]
2022-12-27 14:55:23,599 - [INFO ] - [root] - [calculate_signals:  86] - [LONG  at 2022-12-27 09:00:00-05:00 with price: 1.06275 and quantity : 96]
2022-12-27 14:55:24,072 - [INFO ] - [root] - [calculate_signals:  97] - [EXIT LONG at 2022-12-27 09:10:00-05:00 with price : 1.06195 and quantity : 96.0]
2022-12-27 14:55:24,072 - [INFO ] - [root] - [calculate_signals: 101] - [SHORT at 2022-12-27 09:10:00-05:00 with price : 1.06195 and quantity : 96.0]
2022-12-27 14:55:24,551 - [INFO ] - [root] - [calculate_signals:  80] - [EXIT SHORT at 2022-12-27 09:21:00-05:00 with price : 1.06165 and quantity : 96.0 ]
2022-12-27 14:55:24,552 - [INFO ] - [root] - [calculate_signals:  86] - [LONG  at 2022-12-27 09:21:00-05:00 with price: 1.06165 and quantity : 96]
2022-12-27 14:55:25,662 - [INFO ] - [root] - [start_trading:  95] - [------------------------------TRADING SESSION COMPLETE------------------------------------]
2022-12-27 14:55:26,817 - [INFO ] - [root] - [start_trading: 100] - [Total Return: 2.21%]
2022-12-27 14:55:26,817 - [INFO ] - [root] - [start_trading: 100] - [Sharpe Ratio: 0.42]
2022-12-27 14:55:26,817 - [INFO ] - [root] - [start_trading: 100] - [Max Drawdown: 0.39%]
2022-12-27 14:55:26,817 - [INFO ] - [root] - [start_trading: 100] - [Drawdown Duration: 695]
